
> frontend@0.0.0 start
> ng serve

‚ùØ Building...
‚úî Building...
Initial chunk files | Names                     |  Raw size
polyfills.js        | polyfills                 |  90.20 kB | 
styles.css          | styles                    |  24.22 kB | 
main.js             | main                      |   9.63 kB | 

                    | Initial total             | 124.06 kB

Lazy chunk files    | Names                     |  Raw size
chunk-AGRR4JX6.js   | home-component            |  41.46 kB | 
chunk-7GXKV27I.js   | admin-map-component       |  22.84 kB | 
chunk-XW7GZVEL.js   | register-component        |  17.65 kB | 
chunk-Z6HJ3RNS.js   | login-component           |   8.60 kB | 
chunk-WJAWUOV3.js   | forgot-password-component |   8.12 kB | 
chunk-2NY5KFYW.js   | verify-email-component    |   6.24 kB | 
chunk-U6VAMHGY.js   | -                         |   2.00 kB | 
chunk-KXTLIPV7.js   | -                         |   1.42 kB | 

Application bundle generation complete. [5.413 seconds]

Watch mode enabled. Watching for file changes...
NOTE: Raw file sizes do not reflect development server per-request transformations.
  ‚ûú  Local:   http://localhost:4200/
‚ùØ Changes detected. Rebuilding...
‚úî Changes detected. Rebuilding...

No output file changes.

Application bundle generation complete. [3.252 seconds]

‚ùØ Changes detected. Rebuilding...
‚úî Changes detected. Rebuilding...

No output file changes.

Application bundle generation complete. [0.348 seconds]

‚ùØ Changes detected. Rebuilding...
‚úî Changes detected. Rebuilding...
Application bundle generation failed. [2.974 seconds]

[31m‚úò [41;31m[[41;97mERROR[41;31m][0m [1mNG9: Property 'zoomIn' does not exist on type 'RestaurantMapComponent'.[0m [1m[35m[plugin angular-compiler][0m

    src/app/shared/components/restaurant-map/restaurant-map.component.html:16:38:
[37m      16 ‚îÇ ...ton class="zoom-btn" (click)="[32mzoomIn[37m()" title="Acercar">+</button>
         ‚ïµ                                  [32m~~~~~~[0m

  Error occurs in the template of component RestaurantMapComponent.

    src/app/shared/components/restaurant-map/restaurant-map.component.ts:17:17:
[37m      17 ‚îÇ     templateUrl: [32m'./restaurant-map.component.html'[37m,
         ‚ïµ                  [32m~~~~~~~~~~~~~~~~~~~~~~~~~~~~~~~~~[0m


[31m‚úò [41;31m[[41;97mERROR[41;31m][0m [1mNG9: Property 'zoomOut' does not exist on type 'RestaurantMapComponent'.[0m [1m[35m[plugin angular-compiler][0m

    src/app/shared/components/restaurant-map/restaurant-map.component.html:17:38:
[37m      17 ‚îÇ ...n class="zoom-btn" (click)="[32mzoomOut[37m()" title="Alejar">‚àí</button>
         ‚ïµ                                [32m~~~~~~~[0m

  Error occurs in the template of component RestaurantMapComponent.

    src/app/shared/components/restaurant-map/restaurant-map.component.ts:17:17:
[37m      17 ‚îÇ     templateUrl: [32m'./restaurant-map.component.html'[37m,
         ‚ïµ                  [32m~~~~~~~~~~~~~~~~~~~~~~~~~~~~~~~~~[0m


[31m‚úò [41;31m[[41;97mERROR[41;31m][0m [1mNG9: Property 'resetView' does not exist on type 'RestaurantMapComponent'.[0m [1m[35m[plugin angular-compiler][0m

    src/app/shared/components/restaurant-map/restaurant-map.component.html:18:44:
[37m      18 ‚îÇ ...="zoom-btn reset" (click)="[32mresetView[37m()" title="Restablecer vist...
         ‚ïµ                               [32m~~~~~~~~~[0m

  Error occurs in the template of component RestaurantMapComponent.

    src/app/shared/components/restaurant-map/restaurant-map.component.ts:17:17:
[37m      17 ‚îÇ     templateUrl: [32m'./restaurant-map.component.html'[37m,
         ‚ïµ                  [32m~~~~~~~~~~~~~~~~~~~~~~~~~~~~~~~~~[0m


[31m‚úò [41;31m[[41;97mERROR[41;31m][0m [1mNG9: Property 'scale' does not exist on type 'RestaurantMapComponent'.[0m [1m[35m[plugin angular-compiler][0m

    src/app/shared/components/restaurant-map/restaurant-map.component.html:19:33:
[37m      19 ‚îÇ ...<span class="zoom-level">{{ ([32mscale[37m * 100) | number:'1.0-0' }}%<...
         ‚ïµ                                 [32m~~~~~[0m

  Error occurs in the template of component RestaurantMapComponent.

    src/app/shared/components/restaurant-map/restaurant-map.component.ts:17:17:
[37m      17 ‚îÇ     templateUrl: [32m'./restaurant-map.component.html'[37m,
         ‚ïµ                  [32m~~~~~~~~~~~~~~~~~~~~~~~~~~~~~~~~~[0m


[31m‚úò [41;31m[[41;97mERROR[41;31m][0m [1mNG9: Property 'isDragging' does not exist on type 'RestaurantMapComponent'.[0m [1m[35m[plugin angular-compiler][0m

    src/app/shared/components/restaurant-map/restaurant-map.component.html:28:72:
[37m      28 ‚îÇ ...&& !error" [class.dragging]="[32misDragging[37m" (wheel)="onWheel($event)"
         ‚ïµ                                 [32m~~~~~~~~~~[0m

  Error occurs in the template of component RestaurantMapComponent.

    src/app/shared/components/restaurant-map/restaurant-map.component.ts:17:17:
[37m      17 ‚îÇ     templateUrl: [32m'./restaurant-map.component.html'[37m,
         ‚ïµ                  [32m~~~~~~~~~~~~~~~~~~~~~~~~~~~~~~~~~[0m


[31m‚úò [41;31m[[41;97mERROR[41;31m][0m [1mNG9: Property 'onWheel' does not exist on type 'RestaurantMapComponent'.[0m [1m[35m[plugin angular-compiler][0m

    src/app/shared/components/restaurant-map/restaurant-map.component.html:28:93:
[37m      28 ‚îÇ ...&& !error" [class.dragging]="isDragging" (wheel)="[32monWheel[37m($event)"
         ‚ïµ                                                      [32m~~~~~~~[0m

  Error occurs in the template of component RestaurantMapComponent.

    src/app/shared/components/restaurant-map/restaurant-map.component.ts:17:17:
[37m      17 ‚îÇ     templateUrl: [32m'./restaurant-map.component.html'[37m,
         ‚ïµ                  [32m~~~~~~~~~~~~~~~~~~~~~~~~~~~~~~~~~[0m


[31m‚úò [41;31m[[41;97mERROR[41;31m][0m [1mNG9: Property 'onMouseDown' does not exist on type 'RestaurantMapComponent'.[0m [1m[35m[plugin angular-compiler][0m

    src/app/shared/components/restaurant-map/restaurant-map.component.html:29:17:
[37m      29 ‚îÇ     (mousedown)="[32monMouseDown[37m($event)">
         ‚ïµ                  [32m~~~~~~~~~~~[0m

  Error occurs in the template of component RestaurantMapComponent.

    src/app/shared/components/restaurant-map/restaurant-map.component.ts:17:17:
[37m      17 ‚îÇ     templateUrl: [32m'./restaurant-map.component.html'[37m,
         ‚ïµ                  [32m~~~~~~~~~~~~~~~~~~~~~~~~~~~~~~~~~[0m


[31m‚úò [41;31m[[41;97mERROR[41;31m][0m [1mNG9: Property 'getMapTransform' does not exist on type 'RestaurantMapComponent'.[0m [1m[35m[plugin angular-compiler][0m

    src/app/shared/components/restaurant-map/restaurant-map.component.html:30:48:
[37m      30 ‚îÇ     <div class="map-content" [style.transform]="[32mgetMapTransform[37m()">
         ‚ïµ                                                 [32m~~~~~~~~~~~~~~~[0m

  Error occurs in the template of component RestaurantMapComponent.

    src/app/shared/components/restaurant-map/restaurant-map.component.ts:17:17:
[37m      17 ‚îÇ     templateUrl: [32m'./restaurant-map.component.html'[37m,
         ‚ïµ                  [32m~~~~~~~~~~~~~~~~~~~~~~~~~~~~~~~~~[0m


[31m‚úò [41;31m[[41;97mERROR[41;31m][0m [1mNG9: Property 'onPinMouseEnter' does not exist on type 'RestaurantMapComponent'.[0m [1m[35m[plugin angular-compiler][0m

    src/app/shared/components/restaurant-map/restaurant-map.component.html:35:22:
[37m      35 ‚îÇ         (mouseenter)="[32monPinMouseEnter[37m(local, $event)" (mousemove)=...
         ‚ïµ                       [32m~~~~~~~~~~~~~~~[0m

  Error occurs in the template of component RestaurantMapComponent.

    src/app/shared/components/restaurant-map/restaurant-map.component.ts:17:17:
[37m      17 ‚îÇ     templateUrl: [32m'./restaurant-map.component.html'[37m,
         ‚ïµ                  [32m~~~~~~~~~~~~~~~~~~~~~~~~~~~~~~~~~[0m


[31m‚úò [41;31m[[41;97mERROR[41;31m][0m [1mNG9: Property 'onPinMouseMove' does not exist on type 'RestaurantMapComponent'.[0m [1m[35m[plugin angular-compiler][0m

    src/app/shared/components/restaurant-map/restaurant-map.component.html:35:67:
[37m      35 ‚îÇ ...PinMouseEnter(local, $event)" (mousemove)="[32monPinMouseMove[37m($event)"
         ‚ïµ                                               [32m~~~~~~~~~~~~~~[0m

  Error occurs in the template of component RestaurantMapComponent.

    src/app/shared/components/restaurant-map/restaurant-map.component.ts:17:17:
[37m      17 ‚îÇ     templateUrl: [32m'./restaurant-map.component.html'[37m,
         ‚ïµ                  [32m~~~~~~~~~~~~~~~~~~~~~~~~~~~~~~~~~[0m


[31m‚úò [41;31m[[41;97mERROR[41;31m][0m [1mNG9: Property 'onPinMouseLeave' does not exist on type 'RestaurantMapComponent'.[0m [1m[35m[plugin angular-compiler][0m

    src/app/shared/components/restaurant-map/restaurant-map.component.html:36:22:
[37m      36 ‚îÇ         (mouseleave)="[32monPinMouseLeave[37m()" (click)="onPinClick(local...
         ‚ïµ                       [32m~~~~~~~~~~~~~~~[0m

  Error occurs in the template of component RestaurantMapComponent.

    src/app/shared/components/restaurant-map/restaurant-map.component.ts:17:17:
[37m      17 ‚îÇ     templateUrl: [32m'./restaurant-map.component.html'[37m,
         ‚ïµ                  [32m~~~~~~~~~~~~~~~~~~~~~~~~~~~~~~~~~[0m


[31m‚úò [41;31m[[41;97mERROR[41;31m][0m [1mNG9: Property 'onPinClick' does not exist on type 'RestaurantMapComponent'.[0m [1m[35m[plugin angular-compiler][0m

    src/app/shared/components/restaurant-map/restaurant-map.component.html:36:50:
[37m      36 ‚îÇ ...useleave)="onPinMouseLeave()" (click)="[32monPinClick[37m(local, $event)">
         ‚ïµ                                           [32m~~~~~~~~~~[0m

  Error occurs in the template of component RestaurantMapComponent.

    src/app/shared/components/restaurant-map/restaurant-map.component.ts:17:17:
[37m      17 ‚îÇ     templateUrl: [32m'./restaurant-map.component.html'[37m,
         ‚ïµ                  [32m~~~~~~~~~~~~~~~~~~~~~~~~~~~~~~~~~[0m


[31m‚úò [41;31m[[41;97mERROR[41;31m][0m [1mNG9: Property 'hoveredLocal' does not exist on type 'RestaurantMapComponent'.[0m [1m[35m[plugin angular-compiler][0m

    src/app/shared/components/restaurant-map/restaurant-map.component.html:43:14:
[37m      43 ‚îÇ   <div *ngIf="[32mhoveredLocal[37m" class="tooltip" [style.left.px]="toolt...
         ‚ïµ               [32m~~~~~~~~~~~~[0m

  Error occurs in the template of component RestaurantMapComponent.

    src/app/shared/components/restaurant-map/restaurant-map.component.ts:17:17:
[37m      17 ‚îÇ     templateUrl: [32m'./restaurant-map.component.html'[37m,
         ‚ïµ                  [32m~~~~~~~~~~~~~~~~~~~~~~~~~~~~~~~~~[0m


[31m‚úò [41;31m[[41;97mERROR[41;31m][0m [1mNG9: Property 'tooltipPosition' does not exist on type 'RestaurantMapComponent'.[0m [1m[35m[plugin angular-compiler][0m

    src/app/shared/components/restaurant-map/restaurant-map.component.html:43:61:
[37m      43 ‚îÇ ...oltip" [style.left.px]="[32mtooltipPosition[37m.x" [style.top.px]="tool...
         ‚ïµ                            [32m~~~~~~~~~~~~~~~[0m

  Error occurs in the template of component RestaurantMapComponent.

    src/app/shared/components/restaurant-map/restaurant-map.component.ts:17:17:
[37m      17 ‚îÇ     templateUrl: [32m'./restaurant-map.component.html'[37m,
         ‚ïµ                  [32m~~~~~~~~~~~~~~~~~~~~~~~~~~~~~~~~~[0m


[31m‚úò [41;31m[[41;97mERROR[41;31m][0m [1mNG9: Property 'tooltipPosition' does not exist on type 'RestaurantMapComponent'.[0m [1m[35m[plugin angular-compiler][0m

    src/app/shared/components/restaurant-map/restaurant-map.component.html:43:96:
[37m      43 ‚îÇ ...e.left.px]="tooltipPosition.x" [style.top.px]="[32mtooltipPosition[37m.y">
         ‚ïµ                                                   [32m~~~~~~~~~~~~~~~[0m

  Error occurs in the template of component RestaurantMapComponent.

    src/app/shared/components/restaurant-map/restaurant-map.component.ts:17:17:
[37m      17 ‚îÇ     templateUrl: [32m'./restaurant-map.component.html'[37m,
         ‚ïµ                  [32m~~~~~~~~~~~~~~~~~~~~~~~~~~~~~~~~~[0m


[31m‚úò [41;31m[[41;97mERROR[41;31m][0m [1mNG9: Property 'hoveredLocal' does not exist on type 'RestaurantMapComponent'.[0m [1m[35m[plugin angular-compiler][0m

    src/app/shared/components/restaurant-map/restaurant-map.component.html:45:18:
[37m      45 ‚îÇ       <img *ngIf="[32mhoveredLocal[37m.imagenUrl" [src]="hoveredLocal.imag...
         ‚ïµ                   [32m~~~~~~~~~~~~[0m

  Error occurs in the template of component RestaurantMapComponent.

    src/app/shared/components/restaurant-map/restaurant-map.component.ts:17:17:
[37m      17 ‚îÇ     templateUrl: [32m'./restaurant-map.component.html'[37m,
         ‚ïµ                  [32m~~~~~~~~~~~~~~~~~~~~~~~~~~~~~~~~~[0m


[31m‚úò [41;31m[[41;97mERROR[41;31m][0m [1mNG9: Property 'hoveredLocal' does not exist on type 'RestaurantMapComponent'.[0m [1m[35m[plugin angular-compiler][0m

    src/app/shared/components/restaurant-map/restaurant-map.component.html:45:49:
[37m      45 ‚îÇ ...edLocal.imagenUrl" [src]="[32mhoveredLocal[37m.imagenUrl" [alt]="hovere...
         ‚ïµ                              [32m~~~~~~~~~~~~[0m

  Error occurs in the template of component RestaurantMapComponent.

    src/app/shared/components/restaurant-map/restaurant-map.component.ts:17:17:
[37m      17 ‚îÇ     templateUrl: [32m'./restaurant-map.component.html'[37m,
         ‚ïµ                  [32m~~~~~~~~~~~~~~~~~~~~~~~~~~~~~~~~~[0m


[31m‚úò [41;31m[[41;97mERROR[41;31m][0m [1mNG9: Property 'hoveredLocal' does not exist on type 'RestaurantMapComponent'.[0m [1m[35m[plugin angular-compiler][0m

    src/app/shared/components/restaurant-map/restaurant-map.component.html:45:80:
[37m      45 ‚îÇ ...genUrl" [src]="hoveredLocal.imagenUrl" [alt]="[32mhoveredLocal[37m.nombre"
         ‚ïµ                                                  [32m~~~~~~~~~~~~[0m

  Error occurs in the template of component RestaurantMapComponent.

    src/app/shared/components/restaurant-map/restaurant-map.component.ts:17:17:
[37m      17 ‚îÇ     templateUrl: [32m'./restaurant-map.component.html'[37m,
         ‚ïµ                  [32m~~~~~~~~~~~~~~~~~~~~~~~~~~~~~~~~~[0m


[31m‚úò [41;31m[[41;97mERROR[41;31m][0m [1mNG9: Property 'hoveredLocal' does not exist on type 'RestaurantMapComponent'.[0m [1m[35m[plugin angular-compiler][0m

    src/app/shared/components/restaurant-map/restaurant-map.component.html:47:47:
[37m      47 ‚îÇ ... <div class="tooltip-placeholder" *ngIf="![32mhoveredLocal[37m.imagenUrl">
         ‚ïµ                                              [32m~~~~~~~~~~~~[0m

  Error occurs in the template of component RestaurantMapComponent.

    src/app/shared/components/restaurant-map/restaurant-map.component.ts:17:17:
[37m      17 ‚îÇ     templateUrl: [32m'./restaurant-map.component.html'[37m,
         ‚ïµ                  [32m~~~~~~~~~~~~~~~~~~~~~~~~~~~~~~~~~[0m


[31m‚úò [41;31m[[41;97mERROR[41;31m][0m [1mNG9: Property 'hoveredLocal' does not exist on type 'RestaurantMapComponent'.[0m [1m[35m[plugin angular-compiler][0m

    src/app/shared/components/restaurant-map/restaurant-map.component.html:51:15:
[37m      51 ‚îÇ         <h4>{{ [32mhoveredLocal[37m.nombre }}</h4>
         ‚ïµ                [32m~~~~~~~~~~~~[0m

  Error occurs in the template of component RestaurantMapComponent.

    src/app/shared/components/restaurant-map/restaurant-map.component.ts:17:17:
[37m      17 ‚îÇ     templateUrl: [32m'./restaurant-map.component.html'[37m,
         ‚ïµ                  [32m~~~~~~~~~~~~~~~~~~~~~~~~~~~~~~~~~[0m


[31m‚úò [41;31m[[41;97mERROR[41;31m][0m [1mNG9: Property 'getStars' does not exist on type 'RestaurantMapComponent'.[0m [1m[35m[plugin angular-compiler][0m

    src/app/shared/components/restaurant-map/restaurant-map.component.html:53:36:
[37m      53 ‚îÇ ...  <span *ngFor="let star of [32mgetStars[37m(hoveredLocal.valoracion)" ...
         ‚ïµ                                [32m~~~~~~~~[0m

  Error occurs in the template of component RestaurantMapComponent.

    src/app/shared/components/restaurant-map/restaurant-map.component.ts:17:17:
[37m      17 ‚îÇ     templateUrl: [32m'./restaurant-map.component.html'[37m,
         ‚ïµ                  [32m~~~~~~~~~~~~~~~~~~~~~~~~~~~~~~~~~[0m


[31m‚úò [41;31m[[41;97mERROR[41;31m][0m [1mNG9: Property 'hoveredLocal' does not exist on type 'RestaurantMapComponent'.[0m [1m[35m[plugin angular-compiler][0m

    src/app/shared/components/restaurant-map/restaurant-map.component.html:53:45:
[37m      53 ‚îÇ ...For="let star of getStars([32mhoveredLocal[37m.valoracion)" class="star...
         ‚ïµ                              [32m~~~~~~~~~~~~[0m

  Error occurs in the template of component RestaurantMapComponent.

    src/app/shared/components/restaurant-map/restaurant-map.component.ts:17:17:
[37m      17 ‚îÇ     templateUrl: [32m'./restaurant-map.component.html'[37m,
         ‚ïµ                  [32m~~~~~~~~~~~~~~~~~~~~~~~~~~~~~~~~~[0m


[31m‚úò [41;31m[[41;97mERROR[41;31m][0m [1mNG9: Property 'hoveredLocal' does not exist on type 'RestaurantMapComponent'.[0m [1m[35m[plugin angular-compiler][0m

    src/app/shared/components/restaurant-map/restaurant-map.component.html:54:41:
[37m      54 ‚îÇ ... class="rating-value">({{ [32mhoveredLocal[37m.valoracion || 'N/A' }})<...
         ‚ïµ                              [32m~~~~~~~~~~~~[0m

  Error occurs in the template of component RestaurantMapComponent.

    src/app/shared/components/restaurant-map/restaurant-map.component.ts:17:17:
[37m      17 ‚îÇ     templateUrl: [32m'./restaurant-map.component.html'[37m,
         ‚ïµ                  [32m~~~~~~~~~~~~~~~~~~~~~~~~~~~~~~~~~[0m


[31m‚úò [41;31m[[41;97mERROR[41;31m][0m [1mNG9: Property 'hoveredLocal' does not exist on type 'RestaurantMapComponent'.[0m [1m[35m[plugin angular-compiler][0m

    src/app/shared/components/restaurant-map/restaurant-map.component.html:56:33:
[37m      56 ‚îÇ         <p class="address">üìç {[32m{ hoveredLoc[37mal.direccion }}</p>
         ‚ïµ                               [32m~~~~~~~~~~~~[0m

  Error occurs in the template of component RestaurantMapComponent.

    src/app/shared/components/restaurant-map/restaurant-map.component.ts:17:17:
[37m      17 ‚îÇ     templateUrl: [32m'./restaurant-map.component.html'[37m,
         ‚ïµ                  [32m~~~~~~~~~~~~~~~~~~~~~~~~~~~~~~~~~[0m


‚ùØ Changes detected. Rebuilding...
‚úî Changes detected. Rebuilding...
Initial chunk files | Names                     |  Raw size
polyfills.js        | polyfills                 |  90.20 kB | 
styles.css          | styles                    |  24.22 kB | 
main.js             | main                      |   9.63 kB | 

                    | Initial total             | 124.06 kB

Lazy chunk files    | Names                     |  Raw size
chunk-G4UFMJVI.js   | home-component            |  33.11 kB | 
chunk-7GXKV27I.js   | admin-map-component       |  22.84 kB | 
chunk-XW7GZVEL.js   | register-component        |  17.65 kB | 
chunk-Z6HJ3RNS.js   | login-component           |   8.60 kB | 
chunk-WJAWUOV3.js   | forgot-password-component |   8.12 kB | 
chunk-2NY5KFYW.js   | verify-email-component    |   6.24 kB | 
chunk-U6VAMHGY.js   | -                         |   2.00 kB | 
chunk-KXTLIPV7.js   | -                         |   1.42 kB | 

Application bundle generation complete. [1.641 seconds]

Page reload sent to client(s).
‚ùØ Changes detected. Rebuilding...
‚úî Changes detected. Rebuilding...
Initial chunk files | Names          | Raw size
main.js             | main           |  9.63 kB | 

Lazy chunk files    | Names          | Raw size
chunk-3VCYGY2O.js   | home-component | 31.72 kB | 

Application bundle generation complete. [1.276 seconds]

Page reload sent to client(s).
‚ùØ Changes detected. Rebuilding...
‚úî Changes detected. Rebuilding...
Application bundle generation failed. [1.671 seconds]

[31m‚úò [41;31m[[41;97mERROR[41;31m][0m [1mNG5: Argument of type 'MouseEvent' is not assignable to parameter of type 'LatLng'.
  Type 'MouseEvent' is missing the following properties from type 'LatLng': equals, distanceTo, wrap, toBounds, and 3 more.[0m [1m[35m[plugin angular-compiler][0m

    src/app/features/admin/admin-map.component.html:16:53:
[37m      16 ‚îÇ         <div class="map-wrapper" (click)="onMapClick([32m$event[37m)">
         ‚ïµ                                                      [32m~~~~~~[0m

  Error occurs in the template of component AdminMapComponent.

    src/app/features/admin/admin-map.component.ts:12:17:
[37m      12 ‚îÇ     templateUrl: [32m'./admin-map.component.html'[37m,
         ‚ïµ                  [32m~~~~~~~~~~~~~~~~~~~~~~~~~~~~[0m


[31m‚úò [41;31m[[41;97mERROR[41;31m][0m [1mNG1: Property 'onPinClick' does not exist on type 'AdminMapComponent'. Did you mean 'onMapClick'?[0m [1m[35m[plugin angular-compiler][0m

    src/app/features/admin/admin-map.component.html:21:25:
[37m      21 ‚îÇ                 (click)="[32monPinClick[37m(local, $event)" [class.selecte...
         ‚ïµ                          [32m~~~~~~~~~~[0m

  Error occurs in the template of component AdminMapComponent.

    src/app/features/admin/admin-map.component.ts:12:17:
[37m      12 ‚îÇ     templateUrl: [32m'./admin-map.component.html'[37m,
         ‚ïµ                  [32m~~~~~~~~~~~~~~~~~~~~~~~~~~~~[0m


‚ùØ Changes detected. Rebuilding...
‚úî Changes detected. Rebuilding...
Initial chunk files | Names                     |  Raw size
polyfills.js        | polyfills                 |  90.20 kB | 
styles.css          | styles                    |  24.22 kB | 
main.js             | main                      |   9.63 kB | 

                    | Initial total             | 124.06 kB

Lazy chunk files    | Names                     |  Raw size
chunk-3VCYGY2O.js   | home-component            |  31.72 kB | 
chunk-K7ZAYCV3.js   | admin-map-component       |  24.32 kB | 
chunk-XW7GZVEL.js   | register-component        |  17.65 kB | 
chunk-Z6HJ3RNS.js   | login-component           |   8.60 kB | 
chunk-WJAWUOV3.js   | forgot-password-component |   8.12 kB | 
chunk-2NY5KFYW.js   | verify-email-component    |   6.24 kB | 
chunk-U6VAMHGY.js   | -                         |   2.00 kB | 
chunk-KXTLIPV7.js   | -                         |   1.42 kB | 

Application bundle generation complete. [1.932 seconds]

Page reload sent to client(s).
‚ùØ Changes detected. Rebuilding...
‚úî Changes detected. Rebuilding...
Initial chunk files | Names               | Raw size
main.js             | main                |  9.63 kB | 

Lazy chunk files    | Names               | Raw size
chunk-KPOB737N.js   | admin-map-component | 24.13 kB | 

Application bundle generation complete. [0.891 seconds]

Page reload sent to client(s).
‚ùØ Changes detected. Rebuilding...
‚úî Changes detected. Rebuilding...
Initial chunk files | Names           | Raw size
main.js             | main            |  9.63 kB | 

Lazy chunk files    | Names           | Raw size
chunk-WIFK546P.js   | login-component |  9.89 kB | 

Application bundle generation complete. [0.409 seconds]

Page reload sent to client(s).
‚ùØ Changes detected. Rebuilding...
‚úî Changes detected. Rebuilding...
Initial chunk files | Names          | Raw size
main.js             | main           |  9.63 kB | 

Lazy chunk files    | Names          | Raw size
chunk-VYSD5E7S.js   | home-component | 31.72 kB | 

Application bundle generation complete. [0.493 seconds]

Page reload sent to client(s).
‚ùØ Changes detected. Rebuilding...
‚úî Changes detected. Rebuilding...
Initial chunk files | Names              | Raw size
styles.css          | styles             | 26.91 kB | 
main.js             | main               |  9.63 kB | 

Lazy chunk files    | Names              | Raw size
chunk-KZGLRSKP.js   | register-component | 23.34 kB | 

Application bundle generation complete. [0.826 seconds]

Page reload sent to client(s).
‚ùØ Changes detected. Rebuilding...
‚úî Changes detected. Rebuilding...
Initial chunk files | Names                  | Raw size
styles.css          | styles                 | 28.34 kB | 
main.js             | main                   |  9.63 kB | 

Lazy chunk files    | Names                  | Raw size
chunk-CPLNFCSQ.js   | verify-email-component |  9.33 kB | 

Application bundle generation complete. [1.027 seconds]

Page reload sent to client(s).
‚ùØ Changes detected. Rebuilding...
‚úî Changes detected. Rebuilding...
Initial chunk files | Names           | Raw size
styles.css          | styles          | 28.37 kB | 
main.js             | main            |  9.63 kB | 

Lazy chunk files    | Names           | Raw size
chunk-BOPH5ZSU.js   | login-component | 11.89 kB | 

Application bundle generation complete. [1.612 seconds]

Page reload sent to client(s).
‚ùØ Changes detected. Rebuilding...
‚úî Changes detected. Rebuilding...

No output file changes.

Application bundle generation complete. [0.388 seconds]

‚ùØ Changes detected. Rebuilding...
‚úî Changes detected. Rebuilding...

No output file changes.

Application bundle generation complete. [0.285 seconds]

‚ùØ Changes detected. Rebuilding...
‚úî Changes detected. Rebuilding...

No output file changes.

Application bundle generation complete. [0.339 seconds]

‚ùØ Changes detected. Rebuilding...
‚úî Changes detected. Rebuilding...

No output file changes.

Application bundle generation complete. [0.356 seconds]

‚ùØ Changes detected. Rebuilding...
‚úî Changes detected. Rebuilding...

No output file changes.

Application bundle generation complete. [0.350 seconds]

‚ùØ Changes detected. Rebuilding...
‚úî Changes detected. Rebuilding...
Initial chunk files | Names                  | Raw size
styles.css          | styles                 | 29.11 kB | 
main.js             | main                   |  9.63 kB | 

Lazy chunk files    | Names                  | Raw size
chunk-HXUHGXDY.js   | register-component     | 23.34 kB | 
chunk-7WLERCAW.js   | login-component        | 11.89 kB | 
chunk-AIRGUS7Y.js   | verify-email-component |  9.33 kB | 
chunk-FPBQ2DO2.js   | -                      |  2.64 kB | 

Application bundle generation complete. [0.669 seconds]

Page reload sent to client(s).
‚ùØ Changes detected. Rebuilding...
‚úî Changes detected. Rebuilding...
Initial chunk files | Names  | Raw size
styles.css          | styles | 29.32 kB | 
main.js             | main   | 11.73 kB | 

Application bundle generation complete. [0.654 seconds]

Page reload sent to client(s).
‚ùØ Changes detected. Rebuilding...
‚úî Changes detected. Rebuilding...
Initial chunk files | Names                  | Raw size
main.js             | main                   | 13.71 kB | 

Lazy chunk files    | Names                  | Raw size
chunk-CAGCE5FR.js   | home-component         | 33.10 kB | 
chunk-TOOFNRC2.js   | landing-page-component | 10.20 kB | 
chunk-LNRK3NAF.js   | director-component     |  1.08 kB | 
chunk-BFZYMLUC.js   | employee-component     |  1.08 kB | 
chunk-5MA2YCOV.js   | profile-component      |  1.04 kB | 
chunk-AXETQTEL.js   | ceo-component          |  1.00 kB | 

Application bundle generation complete. [1.028 seconds]

Page reload sent to client(s).
‚ùØ Changes detected. Rebuilding...
‚úî Changes detected. Rebuilding...
Application bundle generation failed. [0.912 seconds]

[33m‚ñ≤ [43;33m[[43;30mWARNING[43;33m][0m [1mNG8103: The `*ngFor` directive was used in the template, but neither the `NgFor` directive nor the `CommonModule` was imported. Use Angular's built-in control flow @for or make sure that either the `NgFor` directive or the `CommonModule` is included in the `@Component.imports` array of this component.[0m [1m[35m[plugin angular-compiler][0m

    src/app/features/dashboard/director/director.component.html:28:29:
[37m      28 ‚îÇ                         <tr *[32mngFor[37m="let ceo of ceos">
         ‚ïµ                              [32m~~~~~[0m

  Error occurs in the template of component DirectorComponent.

    src/app/features/dashboard/director/director.component.ts:7:15:
[37m      7 ‚îÇ   templateUrl: [32m'./director.component.html'[37m,
        ‚ïµ                [32m~~~~~~~~~~~~~~~~~~~~~~~~~~~[0m


[33m‚ñ≤ [43;33m[[43;30mWARNING[43;33m][0m [1mNG8103: The `*ngIf` directive was used in the template, but neither the `NgIf` directive nor the `CommonModule` was imported. Use Angular's built-in control flow @if or make sure that either the `NgIf` directive or the `CommonModule` is included in the `@Component.imports` array of this component.[0m [1m[35m[plugin angular-compiler][0m

    src/app/features/dashboard/director/director.component.html:48:29:
[37m      48 ‚îÇ                         <tr *[32mngIf[37m="ceos.length === 0">
         ‚ïµ                              [32m~~~~[0m

  Error occurs in the template of component DirectorComponent.

    src/app/features/dashboard/director/director.component.ts:7:15:
[37m      7 ‚îÇ   templateUrl: [32m'./director.component.html'[37m,
        ‚ïµ                [32m~~~~~~~~~~~~~~~~~~~~~~~~~~~[0m


[33m‚ñ≤ [43;33m[[43;30mWARNING[43;33m][0m [1mNG8103: The `*ngIf` directive was used in the template, but neither the `NgIf` directive nor the `CommonModule` was imported. Use Angular's built-in control flow @if or make sure that either the `NgIf` directive or the `CommonModule` is included in the `@Component.imports` array of this component.[0m [1m[35m[plugin angular-compiler][0m

    src/app/features/dashboard/director/director.component.html:93:20:
[37m      93 ‚îÇ                 <p *[32mngIf[37m="errorMessage" class="text-red-500 text-x...
         ‚ïµ                     [32m~~~~[0m

  Error occurs in the template of component DirectorComponent.

    src/app/features/dashboard/director/director.component.ts:7:15:
[37m      7 ‚îÇ   templateUrl: [32m'./director.component.html'[37m,
        ‚ïµ                [32m~~~~~~~~~~~~~~~~~~~~~~~~~~~[0m


[33m‚ñ≤ [43;33m[[43;30mWARNING[43;33m][0m [1mNG8103: The `*ngIf` directive was used in the template, but neither the `NgIf` directive nor the `CommonModule` was imported. Use Angular's built-in control flow @if or make sure that either the `NgIf` directive or the `CommonModule` is included in the `@Component.imports` array of this component.[0m [1m[35m[plugin angular-compiler][0m

    src/app/features/dashboard/director/director.component.html:94:20:
[37m      94 ‚îÇ                 <p *[32mngIf[37m="successMessage" class="text-green-500 te...
         ‚ïµ                     [32m~~~~[0m

  Error occurs in the template of component DirectorComponent.

    src/app/features/dashboard/director/director.component.ts:7:15:
[37m      7 ‚îÇ   templateUrl: [32m'./director.component.html'[37m,
        ‚ïµ                [32m~~~~~~~~~~~~~~~~~~~~~~~~~~~[0m


[31m‚úò [41;31m[[41;97mERROR[41;31m][0m [1mNG9: Property 'createCeo' does not exist on type 'DirectorComponent'.[0m [1m[35m[plugin angular-compiler][0m

    src/app/features/dashboard/director/director.component.html:61:28:
[37m      61 ‚îÇ             <form (submit)="[32mcreateCeo[37m($event)">
         ‚ïµ                             [32m~~~~~~~~~[0m

  Error occurs in the template of component DirectorComponent.

    src/app/features/dashboard/director/director.component.ts:7:15:
[37m      7 ‚îÇ   templateUrl: [32m'./director.component.html'[37m,
        ‚ïµ                [32m~~~~~~~~~~~~~~~~~~~~~~~~~~~[0m


[31m‚úò [41;31m[[41;97mERROR[41;31m][0m [1mNG8002: Can't bind to 'ngModel' since it isn't a known property of 'input'.[0m [1m[35m[plugin angular-compiler][0m

    src/app/features/dashboard/director/director.component.html:66:27:
[37m      66 ‚îÇ                     <input [32m[(ngModel)]="newCeo.nombre"[37m name="nombre"
         ‚ïµ                            [32m~~~~~~~~~~~~~~~~~~~~~~~~~~~[0m

  Error occurs in the template of component DirectorComponent.

    src/app/features/dashboard/director/director.component.ts:7:15:
[37m      7 ‚îÇ   templateUrl: [32m'./director.component.html'[37m,
        ‚ïµ                [32m~~~~~~~~~~~~~~~~~~~~~~~~~~~[0m


[31m‚úò [41;31m[[41;97mERROR[41;31m][0m [1mNG9: Property 'newCeo' does not exist on type 'DirectorComponent'.[0m [1m[35m[plugin angular-compiler][0m

    src/app/features/dashboard/director/director.component.html:66:40:
[37m      66 ‚îÇ                     <input [(ngModel)]="[32mnewCeo[37m.nombre" name="nombre"
         ‚ïµ                                         [32m~~~~~~[0m

  Error occurs in the template of component DirectorComponent.

    src/app/features/dashboard/director/director.component.ts:7:15:
[37m      7 ‚îÇ   templateUrl: [32m'./director.component.html'[37m,
        ‚ïµ                [32m~~~~~~~~~~~~~~~~~~~~~~~~~~~[0m


[31m‚úò [41;31m[[41;97mERROR[41;31m][0m [1mNG9: Property 'newCeo' does not exist on type 'DirectorComponent'.[0m [1m[35m[plugin angular-compiler][0m

    src/app/features/dashboard/director/director.component.html:66:40:
[37m      66 ‚îÇ                     <input [(ngModel)]="[32mnewCeo[37m.nombre" name="nombre"
         ‚ïµ                                         [32m~~~~~~[0m

  Error occurs in the template of component DirectorComponent.

    src/app/features/dashboard/director/director.component.ts:7:15:
[37m      7 ‚îÇ   templateUrl: [32m'./director.component.html'[37m,
        ‚ïµ                [32m~~~~~~~~~~~~~~~~~~~~~~~~~~~[0m


[31m‚úò [41;31m[[41;97mERROR[41;31m][0m [1mNG8002: Can't bind to 'ngModel' since it isn't a known property of 'input'.[0m [1m[35m[plugin angular-compiler][0m

    src/app/features/dashboard/director/director.component.html:74:27:
[37m      74 ‚îÇ                     <input [32m[(ngModel)]="newCeo.email"[37m name="email"
         ‚ïµ                            [32m~~~~~~~~~~~~~~~~~~~~~~~~~~[0m

  Error occurs in the template of component DirectorComponent.

    src/app/features/dashboard/director/director.component.ts:7:15:
[37m      7 ‚îÇ   templateUrl: [32m'./director.component.html'[37m,
        ‚ïµ                [32m~~~~~~~~~~~~~~~~~~~~~~~~~~~[0m


[31m‚úò [41;31m[[41;97mERROR[41;31m][0m [1mNG9: Property 'newCeo' does not exist on type 'DirectorComponent'.[0m [1m[35m[plugin angular-compiler][0m

    src/app/features/dashboard/director/director.component.html:74:40:
[37m      74 ‚îÇ                     <input [(ngModel)]="[32mnewCeo[37m.email" name="email"
         ‚ïµ                                         [32m~~~~~~[0m

  Error occurs in the template of component DirectorComponent.

    src/app/features/dashboard/director/director.component.ts:7:15:
[37m      7 ‚îÇ   templateUrl: [32m'./director.component.html'[37m,
        ‚ïµ                [32m~~~~~~~~~~~~~~~~~~~~~~~~~~~[0m


[31m‚úò [41;31m[[41;97mERROR[41;31m][0m [1mNG9: Property 'newCeo' does not exist on type 'DirectorComponent'.[0m [1m[35m[plugin angular-compiler][0m

    src/app/features/dashboard/director/director.component.html:74:40:
[37m      74 ‚îÇ                     <input [(ngModel)]="[32mnewCeo[37m.email" name="email"
         ‚ïµ                                         [32m~~~~~~[0m

  Error occurs in the template of component DirectorComponent.

    src/app/features/dashboard/director/director.component.ts:7:15:
[37m      7 ‚îÇ   templateUrl: [32m'./director.component.html'[37m,
        ‚ïµ                [32m~~~~~~~~~~~~~~~~~~~~~~~~~~~[0m


[31m‚úò [41;31m[[41;97mERROR[41;31m][0m [1mNG8002: Can't bind to 'ngModel' since it isn't a known property of 'input'.[0m [1m[35m[plugin angular-compiler][0m

    src/app/features/dashboard/director/director.component.html:82:27:
[37m      82 ‚îÇ ...              <input [32m[(ngModel)]="newCeo.password"[37m name="password"
         ‚ïµ                         [32m~~~~~~~~~~~~~~~~~~~~~~~~~~~~~[0m

  Error occurs in the template of component DirectorComponent.

    src/app/features/dashboard/director/director.component.ts:7:15:
[37m      7 ‚îÇ   templateUrl: [32m'./director.component.html'[37m,
        ‚ïµ                [32m~~~~~~~~~~~~~~~~~~~~~~~~~~~[0m


[31m‚úò [41;31m[[41;97mERROR[41;31m][0m [1mNG9: Property 'newCeo' does not exist on type 'DirectorComponent'.[0m [1m[35m[plugin angular-compiler][0m

    src/app/features/dashboard/director/director.component.html:82:40:
[37m      82 ‚îÇ ...              <input [(ngModel)]="[32mnewCeo[37m.password" name="password"
         ‚ïµ                                      [32m~~~~~~[0m

  Error occurs in the template of component DirectorComponent.

    src/app/features/dashboard/director/director.component.ts:7:15:
[37m      7 ‚îÇ   templateUrl: [32m'./director.component.html'[37m,
        ‚ïµ                [32m~~~~~~~~~~~~~~~~~~~~~~~~~~~[0m


[31m‚úò [41;31m[[41;97mERROR[41;31m][0m [1mNG9: Property 'newCeo' does not exist on type 'DirectorComponent'.[0m [1m[35m[plugin angular-compiler][0m

    src/app/features/dashboard/director/director.component.html:82:40:
[37m      82 ‚îÇ ...              <input [(ngModel)]="[32mnewCeo[37m.password" name="password"
         ‚ïµ                                      [32m~~~~~~[0m

  Error occurs in the template of component DirectorComponent.

    src/app/features/dashboard/director/director.component.ts:7:15:
[37m      7 ‚îÇ   templateUrl: [32m'./director.component.html'[37m,
        ‚ïµ                [32m~~~~~~~~~~~~~~~~~~~~~~~~~~~[0m


[31m‚úò [41;31m[[41;97mERROR[41;31m][0m [1mNG9: Property 'errorMessage' does not exist on type 'DirectorComponent'.[0m [1m[35m[plugin angular-compiler][0m

    src/app/features/dashboard/director/director.component.html:93:84:
[37m      93 ‚îÇ ...e" class="text-red-500 text-xs italic mt-4">{{ [32merrorMessage[37m }}</p>
         ‚ïµ                                                   [32m~~~~~~~~~~~~[0m

  Error occurs in the template of component DirectorComponent.

    src/app/features/dashboard/director/director.component.ts:7:15:
[37m      7 ‚îÇ   templateUrl: [32m'./director.component.html'[37m,
        ‚ïµ                [32m~~~~~~~~~~~~~~~~~~~~~~~~~~~[0m


[31m‚úò [41;31m[[41;97mERROR[41;31m][0m [1mNG9: Property 'successMessage' does not exist on type 'DirectorComponent'.[0m [1m[35m[plugin angular-compiler][0m

    src/app/features/dashboard/director/director.component.html:94:88:
[37m      94 ‚îÇ ...lass="text-green-500 text-xs italic mt-4">{{ [32msuccessMessage[37m }}</p>
         ‚ïµ                                                 [32m~~~~~~~~~~~~~~[0m

  Error occurs in the template of component DirectorComponent.

    src/app/features/dashboard/director/director.component.ts:7:15:
[37m      7 ‚îÇ   templateUrl: [32m'./director.component.html'[37m,
        ‚ïµ                [32m~~~~~~~~~~~~~~~~~~~~~~~~~~~[0m


‚ùØ Changes detected. Rebuilding...
‚úî Changes detected. Rebuilding...
Application bundle generation failed. [0.742 seconds]

[31m‚úò [41;31m[[41;97mERROR[41;31m][0m [1mTS2307: Cannot find module '../../../../core/services/admin.service' or its corresponding type declarations.[0m [1m[35m[plugin angular-compiler][0m

    src/app/features/dashboard/director/director.component.ts:4:29:
[37m      4 ‚îÇ ...rt { AdminService } from [32m'../../../../core/services/admin.service'[37m;
        ‚ïµ                             [32m~~~~~~~~~~~~~~~~~~~~~~~~~~~~~~~~~~~~~~~~~[0m


[31m‚úò [41;31m[[41;97mERROR[41;31m][0m [1mTS-992003: No suitable injection token for parameter 'adminService' of class 'DirectorComponent'.
  Consider using the @Inject decorator to specify an injection token.[0m [1m[35m[plugin angular-compiler][0m

    src/app/features/dashboard/director/director.component.ts:23:22:
[37m      23 ‚îÇ   constructor(private [32madminService[37m: AdminService) { }
         ‚ïµ                       [32m~~~~~~~~~~~~[0m

  This type does not have a value, so it cannot be used as injection token.

    src/app/features/dashboard/director/director.component.ts:23:36:
[37m      23 ‚îÇ   constructor(private adminService: [32mAdminService[37m) { }
         ‚ïµ                                     [32m~~~~~~~~~~~~[0m


[31m‚úò [41;31m[[41;97mERROR[41;31m][0m [1mTS7006: Parameter 'data' implicitly has an 'any' type.[0m [1m[35m[plugin angular-compiler][0m

    src/app/features/dashboard/director/director.component.ts:31:13:
[37m      31 ‚îÇ       next: ([32mdata[37m) => this.ceos = data,
         ‚ïµ              [32m~~~~[0m


[31m‚úò [41;31m[[41;97mERROR[41;31m][0m [1mTS7006: Parameter 'err' implicitly has an 'any' type.[0m [1m[35m[plugin angular-compiler][0m

    src/app/features/dashboard/director/director.component.ts:32:14:
[37m      32 ‚îÇ       error: ([32merr[37m) => console.error('Error loading CEOs', err)
         ‚ïµ               [32m~~~[0m


[31m‚úò [41;31m[[41;97mERROR[41;31m][0m [1mTS7006: Parameter 'response' implicitly has an 'any' type.[0m [1m[35m[plugin angular-compiler][0m

    src/app/features/dashboard/director/director.component.ts:42:13:
[37m      42 ‚îÇ       next: ([32mresponse[37m) => {
         ‚ïµ              [32m~~~~~~~~[0m


[31m‚úò [41;31m[[41;97mERROR[41;31m][0m [1mTS7006: Parameter 'err' implicitly has an 'any' type.[0m [1m[35m[plugin angular-compiler][0m

    src/app/features/dashboard/director/director.component.ts:47:14:
[37m      47 ‚îÇ       error: ([32merr[37m) => {
         ‚ïµ               [32m~~~[0m


‚ùØ Changes detected. Rebuilding...
‚úî Changes detected. Rebuilding...
Application bundle generation failed. [0.360 seconds]

[33m‚ñ≤ [43;33m[[43;30mWARNING[43;33m][0m [1mNG8103: The `*ngIf` directive was used in the template, but neither the `NgIf` directive nor the `CommonModule` was imported. Use Angular's built-in control flow @if or make sure that either the `NgIf` directive or the `CommonModule` is included in the `@Component.imports` array of this component.[0m [1m[35m[plugin angular-compiler][0m

    src/app/features/dashboard/ceo/ceo.component.html:19:10:
[37m      19 ‚îÇ     <div *[32mngIf[37m="activeTab === 'restaurantes'" class="grid grid-col...
         ‚ïµ           [32m~~~~[0m

  Error occurs in the template of component CeoComponent.

    src/app/features/dashboard/ceo/ceo.component.ts:7:15:
[37m      7 ‚îÇ   templateUrl: [32m'./ceo.component.html'[37m,
        ‚ïµ                [32m~~~~~~~~~~~~~~~~~~~~~~[0m


[33m‚ñ≤ [43;33m[[43;30mWARNING[43;33m][0m [1mNG8103: The `*ngFor` directive was used in the template, but neither the `NgFor` directive nor the `CommonModule` was imported. Use Angular's built-in control flow @for or make sure that either the `NgFor` directive or the `CommonModule` is included in the `@Component.imports` array of this component.[0m [1m[35m[plugin angular-compiler][0m

    src/app/features/dashboard/ceo/ceo.component.html:20:14:
[37m      20 ‚îÇ         <div *[32mngFor[37m="let local of restaurantes" class="bg-white ro...
         ‚ïµ               [32m~~~~~[0m

  Error occurs in the template of component CeoComponent.

    src/app/features/dashboard/ceo/ceo.component.ts:7:15:
[37m      7 ‚îÇ   templateUrl: [32m'./ceo.component.html'[37m,
        ‚ïµ                [32m~~~~~~~~~~~~~~~~~~~~~~[0m


[33m‚ñ≤ [43;33m[[43;30mWARNING[43;33m][0m [1mNG8103: The `*ngIf` directive was used in the template, but neither the `NgIf` directive nor the `CommonModule` was imported. Use Angular's built-in control flow @if or make sure that either the `NgIf` directive or the `CommonModule` is included in the `@Component.imports` array of this component.[0m [1m[35m[plugin angular-compiler][0m

    src/app/features/dashboard/ceo/ceo.component.html:33:14:
[37m      33 ‚îÇ         <div *[32mngIf[37m="restaurantes.length === 0" class="col-span-ful...
         ‚ïµ               [32m~~~~[0m

  Error occurs in the template of component CeoComponent.

    src/app/features/dashboard/ceo/ceo.component.ts:7:15:
[37m      7 ‚îÇ   templateUrl: [32m'./ceo.component.html'[37m,
        ‚ïµ                [32m~~~~~~~~~~~~~~~~~~~~~~[0m


[33m‚ñ≤ [43;33m[[43;30mWARNING[43;33m][0m [1mNG8103: The `*ngIf` directive was used in the template, but neither the `NgIf` directive nor the `CommonModule` was imported. Use Angular's built-in control flow @if or make sure that either the `NgIf` directive or the `CommonModule` is included in the `@Component.imports` array of this component.[0m [1m[35m[plugin angular-compiler][0m

    src/app/features/dashboard/ceo/ceo.component.html:39:10:
[37m      39 ‚îÇ     <div *[32mngIf[37m="activeTab === 'nuevo'" class="grid grid-cols-1 lg:...
         ‚ïµ           [32m~~~~[0m

  Error occurs in the template of component CeoComponent.

    src/app/features/dashboard/ceo/ceo.component.ts:7:15:
[37m      7 ‚îÇ   templateUrl: [32m'./ceo.component.html'[37m,
        ‚ïµ                [32m~~~~~~~~~~~~~~~~~~~~~~[0m


[33m‚ñ≤ [43;33m[[43;30mWARNING[43;33m][0m [1mNG8103: The `*ngIf` directive was used in the template, but neither the `NgIf` directive nor the `CommonModule` was imported. Use Angular's built-in control flow @if or make sure that either the `NgIf` directive or the `CommonModule` is included in the `@Component.imports` array of this component.[0m [1m[35m[plugin angular-compiler][0m

    src/app/features/dashboard/ceo/ceo.component.html:45:20:
[37m      45 ‚îÇ                 <p *[32mngIf[37m="newLocal.latitud" class="text-green-600 ...
         ‚ïµ                     [32m~~~~[0m

  Error occurs in the template of component CeoComponent.

    src/app/features/dashboard/ceo/ceo.component.ts:7:15:
[37m      7 ‚îÇ   templateUrl: [32m'./ceo.component.html'[37m,
        ‚ïµ                [32m~~~~~~~~~~~~~~~~~~~~~~[0m


[33m‚ñ≤ [43;33m[[43;30mWARNING[43;33m][0m [1mNG8103: The `*ngIf` directive was used in the template, but neither the `NgIf` directive nor the `CommonModule` was imported. Use Angular's built-in control flow @if or make sure that either the `NgIf` directive or the `CommonModule` is included in the `@Component.imports` array of this component.[0m [1m[35m[plugin angular-compiler][0m

    src/app/features/dashboard/ceo/ceo.component.html:101:10:
[37m      101 ‚îÇ     <div *[32mngIf[37m="activeTab === 'gestion' && selectedLocal" class="...
          ‚ïµ           [32m~~~~[0m

  Error occurs in the template of component CeoComponent.

    src/app/features/dashboard/ceo/ceo.component.ts:7:15:
[37m      7 ‚îÇ   templateUrl: [32m'./ceo.component.html'[37m,
        ‚ïµ                [32m~~~~~~~~~~~~~~~~~~~~~~[0m


[31m‚úò [41;31m[[41;97mERROR[41;31m][0m [1mNG9: Property 'activeTab' does not exist on type 'CeoComponent'.[0m [1m[35m[plugin angular-compiler][0m

    src/app/features/dashboard/ceo/ceo.component.html:6:25:
[37m      6 ‚îÇ         <button (click)="[32mactiveTab[37m = 'restaurantes'"
        ‚ïµ                          [32m~~~~~~~~~[0m

  Error occurs in the template of component CeoComponent.

    src/app/features/dashboard/ceo/ceo.component.ts:7:15:
[37m      7 ‚îÇ   templateUrl: [32m'./ceo.component.html'[37m,
        ‚ïµ                [32m~~~~~~~~~~~~~~~~~~~~~~[0m


[31m‚úò [41;31m[[41;97mERROR[41;31m][0m [1mNG9: Property 'activeTab' does not exist on type 'CeoComponent'.[0m [1m[35m[plugin angular-compiler][0m

    src/app/features/dashboard/ceo/ceo.component.html:7:21:
[37m      7 ‚îÇ             [class]="[32mactiveTab[37m === 'restaurantes' ? 'bg-primary-600...
        ‚ïµ                      [32m~~~~~~~~~[0m

  Error occurs in the template of component CeoComponent.

    src/app/features/dashboard/ceo/ceo.component.ts:7:15:
[37m      7 ‚îÇ   templateUrl: [32m'./ceo.component.html'[37m,
        ‚ïµ                [32m~~~~~~~~~~~~~~~~~~~~~~[0m


[31m‚úò [41;31m[[41;97mERROR[41;31m][0m [1mNG9: Property 'activeTab' does not exist on type 'CeoComponent'.[0m [1m[35m[plugin angular-compiler][0m

    src/app/features/dashboard/ceo/ceo.component.html:11:25:
[37m      11 ‚îÇ         <button (click)="[32mactiveTab[37m = 'nuevo'"
         ‚ïµ                          [32m~~~~~~~~~[0m

  Error occurs in the template of component CeoComponent.

    src/app/features/dashboard/ceo/ceo.component.ts:7:15:
[37m      7 ‚îÇ   templateUrl: [32m'./ceo.component.html'[37m,
        ‚ïµ                [32m~~~~~~~~~~~~~~~~~~~~~~[0m


[31m‚úò [41;31m[[41;97mERROR[41;31m][0m [1mNG9: Property 'activeTab' does not exist on type 'CeoComponent'.[0m [1m[35m[plugin angular-compiler][0m

    src/app/features/dashboard/ceo/ceo.component.html:12:21:
[37m      12 ‚îÇ             [class]="[32mactiveTab[37m === 'nuevo' ? 'bg-primary-600 text-...
         ‚ïµ                      [32m~~~~~~~~~[0m

  Error occurs in the template of component CeoComponent.

    src/app/features/dashboard/ceo/ceo.component.ts:7:15:
[37m      7 ‚îÇ   templateUrl: [32m'./ceo.component.html'[37m,
        ‚ïµ                [32m~~~~~~~~~~~~~~~~~~~~~~[0m


[31m‚úò [41;31m[[41;97mERROR[41;31m][0m [1mNG9: Property 'manageLocal' does not exist on type 'CeoComponent'.[0m [1m[35m[plugin angular-compiler][0m

    src/app/features/dashboard/ceo/ceo.component.html:27:37:
[37m      27 ‚îÇ                     <button (click)="[32mmanageLocal[37m(local)"
         ‚ïµ                                      [32m~~~~~~~~~~~[0m

  Error occurs in the template of component CeoComponent.

    src/app/features/dashboard/ceo/ceo.component.ts:7:15:
[37m      7 ‚îÇ   templateUrl: [32m'./ceo.component.html'[37m,
        ‚ïµ                [32m~~~~~~~~~~~~~~~~~~~~~~[0m


[31m‚úò [41;31m[[41;97mERROR[41;31m][0m [1mNG9: Property 'createRestaurant' does not exist on type 'CeoComponent'.[0m [1m[35m[plugin angular-compiler][0m

    src/app/features/dashboard/ceo/ceo.component.html:52:28:
[37m      52 ‚îÇ             <form (submit)="[32mcreateRestaurant[37m()">
         ‚ïµ                             [32m~~~~~~~~~~~~~~~~[0m

  Error occurs in the template of component CeoComponent.

    src/app/features/dashboard/ceo/ceo.component.ts:7:15:
[37m      7 ‚îÇ   templateUrl: [32m'./ceo.component.html'[37m,
        ‚ïµ                [32m~~~~~~~~~~~~~~~~~~~~~~[0m


[31m‚úò [41;31m[[41;97mERROR[41;31m][0m [1mNG8002: Can't bind to 'ngModel' since it isn't a known property of 'input'.[0m [1m[35m[plugin angular-compiler][0m

    src/app/features/dashboard/ceo/ceo.component.html:55:27:
[37m      55 ‚îÇ ...          <input [32m[(ngModel)]="newLocal.nombre"[37m name="nombre" ty...
         ‚ïµ                     [32m~~~~~~~~~~~~~~~~~~~~~~~~~~~~~[0m

  Error occurs in the template of component CeoComponent.

    src/app/features/dashboard/ceo/ceo.component.ts:7:15:
[37m      7 ‚îÇ   templateUrl: [32m'./ceo.component.html'[37m,
        ‚ïµ                [32m~~~~~~~~~~~~~~~~~~~~~~[0m


[31m‚úò [41;31m[[41;97mERROR[41;31m][0m [1mNG9: Property 'newLocal' does not exist on type 'CeoComponent'.[0m [1m[35m[plugin angular-compiler][0m

    src/app/features/dashboard/ceo/ceo.component.html:55:40:
[37m      55 ‚îÇ ...        <input [(ngModel)]="[32mnewLocal[37m.nombre" name="nombre" type...
         ‚ïµ                                [32m~~~~~~~~[0m

  Error occurs in the template of component CeoComponent.

    src/app/features/dashboard/ceo/ceo.component.ts:7:15:
[37m      7 ‚îÇ   templateUrl: [32m'./ceo.component.html'[37m,
        ‚ïµ                [32m~~~~~~~~~~~~~~~~~~~~~~[0m


[31m‚úò [41;31m[[41;97mERROR[41;31m][0m [1mNG9: Property 'newLocal' does not exist on type 'CeoComponent'.[0m [1m[35m[plugin angular-compiler][0m

    src/app/features/dashboard/ceo/ceo.component.html:55:40:
[37m      55 ‚îÇ ...        <input [(ngModel)]="[32mnewLocal[37m.nombre" name="nombre" type...
         ‚ïµ                                [32m~~~~~~~~[0m

  Error occurs in the template of component CeoComponent.

    src/app/features/dashboard/ceo/ceo.component.ts:7:15:
[37m      7 ‚îÇ   templateUrl: [32m'./ceo.component.html'[37m,
        ‚ïµ                [32m~~~~~~~~~~~~~~~~~~~~~~[0m


[31m‚úò [41;31m[[41;97mERROR[41;31m][0m [1mNG8002: Can't bind to 'ngModel' since it isn't a known property of 'input'.[0m [1m[35m[plugin angular-compiler][0m

    src/app/features/dashboard/ceo/ceo.component.html:59:27:
[37m      59 ‚îÇ ...         <input [32m[(ngModel)]="newLocal.direccion"[37m name="direccio...
         ‚ïµ                    [32m~~~~~~~~~~~~~~~~~~~~~~~~~~~~~~~~[0m

  Error occurs in the template of component CeoComponent.

    src/app/features/dashboard/ceo/ceo.component.ts:7:15:
[37m      7 ‚îÇ   templateUrl: [32m'./ceo.component.html'[37m,
        ‚ïµ                [32m~~~~~~~~~~~~~~~~~~~~~~[0m


[31m‚úò [41;31m[[41;97mERROR[41;31m][0m [1mNG9: Property 'newLocal' does not exist on type 'CeoComponent'.[0m [1m[35m[plugin angular-compiler][0m

    src/app/features/dashboard/ceo/ceo.component.html:59:40:
[37m      59 ‚îÇ ...        <input [(ngModel)]="[32mnewLocal[37m.direccion" name="direccion...
         ‚ïµ                                [32m~~~~~~~~[0m

  Error occurs in the template of component CeoComponent.

    src/app/features/dashboard/ceo/ceo.component.ts:7:15:
[37m      7 ‚îÇ   templateUrl: [32m'./ceo.component.html'[37m,
        ‚ïµ                [32m~~~~~~~~~~~~~~~~~~~~~~[0m


[31m‚úò [41;31m[[41;97mERROR[41;31m][0m [1mNG9: Property 'newLocal' does not exist on type 'CeoComponent'.[0m [1m[35m[plugin angular-compiler][0m

    src/app/features/dashboard/ceo/ceo.component.html:59:40:
[37m      59 ‚îÇ ...        <input [(ngModel)]="[32mnewLocal[37m.direccion" name="direccion...
         ‚ïµ                                [32m~~~~~~~~[0m

  Error occurs in the template of component CeoComponent.

    src/app/features/dashboard/ceo/ceo.component.ts:7:15:
[37m      7 ‚îÇ   templateUrl: [32m'./ceo.component.html'[37m,
        ‚ïµ                [32m~~~~~~~~~~~~~~~~~~~~~~[0m


[31m‚úò [41;31m[[41;97mERROR[41;31m][0m [1mNG8002: Can't bind to 'ngModel' since it isn't a known property of 'input'.[0m [1m[35m[plugin angular-compiler][0m

    src/app/features/dashboard/ceo/ceo.component.html:64:31:
[37m      64 ‚îÇ ...         <input [32m[(ngModel)]="newLocal.capacidad"[37m name="capacida...
         ‚ïµ                    [32m~~~~~~~~~~~~~~~~~~~~~~~~~~~~~~~~[0m

  Error occurs in the template of component CeoComponent.

    src/app/features/dashboard/ceo/ceo.component.ts:7:15:
[37m      7 ‚îÇ   templateUrl: [32m'./ceo.component.html'[37m,
        ‚ïµ                [32m~~~~~~~~~~~~~~~~~~~~~~[0m


[31m‚úò [41;31m[[41;97mERROR[41;31m][0m [1mNG9: Property 'newLocal' does not exist on type 'CeoComponent'.[0m [1m[35m[plugin angular-compiler][0m

    src/app/features/dashboard/ceo/ceo.component.html:64:44:
[37m      64 ‚îÇ ...        <input [(ngModel)]="[32mnewLocal[37m.capacidad" name="capacidad...
         ‚ïµ                                [32m~~~~~~~~[0m

  Error occurs in the template of component CeoComponent.

    src/app/features/dashboard/ceo/ceo.component.ts:7:15:
[37m      7 ‚îÇ   templateUrl: [32m'./ceo.component.html'[37m,
        ‚ïµ                [32m~~~~~~~~~~~~~~~~~~~~~~[0m


[31m‚úò [41;31m[[41;97mERROR[41;31m][0m [1mNG9: Property 'newLocal' does not exist on type 'CeoComponent'.[0m [1m[35m[plugin angular-compiler][0m

    src/app/features/dashboard/ceo/ceo.component.html:64:44:
[37m      64 ‚îÇ ...        <input [(ngModel)]="[32mnewLocal[37m.capacidad" name="capacidad...
         ‚ïµ                                [32m~~~~~~~~[0m

  Error occurs in the template of component CeoComponent.

    src/app/features/dashboard/ceo/ceo.component.ts:7:15:
[37m      7 ‚îÇ   templateUrl: [32m'./ceo.component.html'[37m,
        ‚ïµ                [32m~~~~~~~~~~~~~~~~~~~~~~[0m


[31m‚úò [41;31m[[41;97mERROR[41;31m][0m [1mNG8002: Can't bind to 'ngModel' since it isn't a known property of 'input'.[0m [1m[35m[plugin angular-compiler][0m

    src/app/features/dashboard/ceo/ceo.component.html:69:31:
[37m      69 ‚îÇ ...         <input [32m[(ngModel)]="newLocal.imagenUrl"[37m name="imagenUr...
         ‚ïµ                    [32m~~~~~~~~~~~~~~~~~~~~~~~~~~~~~~~~[0m

  Error occurs in the template of component CeoComponent.

    src/app/features/dashboard/ceo/ceo.component.ts:7:15:
[37m      7 ‚îÇ   templateUrl: [32m'./ceo.component.html'[37m,
        ‚ïµ                [32m~~~~~~~~~~~~~~~~~~~~~~[0m


[31m‚úò [41;31m[[41;97mERROR[41;31m][0m [1mNG9: Property 'newLocal' does not exist on type 'CeoComponent'.[0m [1m[35m[plugin angular-compiler][0m

    src/app/features/dashboard/ceo/ceo.component.html:69:44:
[37m      69 ‚îÇ ...        <input [(ngModel)]="[32mnewLocal[37m.imagenUrl" name="imagenUrl...
         ‚ïµ                                [32m~~~~~~~~[0m

  Error occurs in the template of component CeoComponent.

    src/app/features/dashboard/ceo/ceo.component.ts:7:15:
[37m      7 ‚îÇ   templateUrl: [32m'./ceo.component.html'[37m,
        ‚ïµ                [32m~~~~~~~~~~~~~~~~~~~~~~[0m


[31m‚úò [41;31m[[41;97mERROR[41;31m][0m [1mNG9: Property 'newLocal' does not exist on type 'CeoComponent'.[0m [1m[35m[plugin angular-compiler][0m

    src/app/features/dashboard/ceo/ceo.component.html:69:44:
[37m      69 ‚îÇ ...        <input [(ngModel)]="[32mnewLocal[37m.imagenUrl" name="imagenUrl...
         ‚ïµ                                [32m~~~~~~~~[0m

  Error occurs in the template of component CeoComponent.

    src/app/features/dashboard/ceo/ceo.component.ts:7:15:
[37m      7 ‚îÇ   templateUrl: [32m'./ceo.component.html'[37m,
        ‚ïµ                [32m~~~~~~~~~~~~~~~~~~~~~~[0m


[31m‚úò [41;31m[[41;97mERROR[41;31m][0m [1mNG8002: Can't bind to 'ngModel' since it isn't a known property of 'input'.[0m [1m[35m[plugin angular-compiler][0m

    src/app/features/dashboard/ceo/ceo.component.html:74:27:
[37m      74 ‚îÇ ...          <input [32m[(ngModel)]="newLocal.horario"[37m name="horario" ...
         ‚ïµ                     [32m~~~~~~~~~~~~~~~~~~~~~~~~~~~~~~[0m

  Error occurs in the template of component CeoComponent.

    src/app/features/dashboard/ceo/ceo.component.ts:7:15:
[37m      7 ‚îÇ   templateUrl: [32m'./ceo.component.html'[37m,
        ‚ïµ                [32m~~~~~~~~~~~~~~~~~~~~~~[0m


[31m‚úò [41;31m[[41;97mERROR[41;31m][0m [1mNG9: Property 'newLocal' does not exist on type 'CeoComponent'.[0m [1m[35m[plugin angular-compiler][0m

    src/app/features/dashboard/ceo/ceo.component.html:74:40:
[37m      74 ‚îÇ ...        <input [(ngModel)]="[32mnewLocal[37m.horario" name="horario" ty...
         ‚ïµ                                [32m~~~~~~~~[0m

  Error occurs in the template of component CeoComponent.

    src/app/features/dashboard/ceo/ceo.component.ts:7:15:
[37m      7 ‚îÇ   templateUrl: [32m'./ceo.component.html'[37m,
        ‚ïµ                [32m~~~~~~~~~~~~~~~~~~~~~~[0m


[31m‚úò [41;31m[[41;97mERROR[41;31m][0m [1mNG9: Property 'newLocal' does not exist on type 'CeoComponent'.[0m [1m[35m[plugin angular-compiler][0m

    src/app/features/dashboard/ceo/ceo.component.html:74:40:
[37m      74 ‚îÇ ...        <input [(ngModel)]="[32mnewLocal[37m.horario" name="horario" ty...
         ‚ïµ                                [32m~~~~~~~~[0m

  Error occurs in the template of component CeoComponent.

    src/app/features/dashboard/ceo/ceo.component.ts:7:15:
[37m      7 ‚îÇ   templateUrl: [32m'./ceo.component.html'[37m,
        ‚ïµ                [32m~~~~~~~~~~~~~~~~~~~~~~[0m


[31m‚úò [41;31m[[41;97mERROR[41;31m][0m [1mNG8002: Can't bind to 'ngModel' since it isn't a known property of 'input'.[0m [1m[35m[plugin angular-compiler][0m

    src/app/features/dashboard/ceo/ceo.component.html:82:31:
[37m      82 ‚îÇ ...           <input [32m[ngModel]="newLocal.latitud"[37m name="latitud" t...
         ‚ïµ                      [32m~~~~~~~~~~~~~~~~~~~~~~~~~~~~[0m

  Error occurs in the template of component CeoComponent.

    src/app/features/dashboard/ceo/ceo.component.ts:7:15:
[37m      7 ‚îÇ   templateUrl: [32m'./ceo.component.html'[37m,
        ‚ïµ                [32m~~~~~~~~~~~~~~~~~~~~~~[0m


[31m‚úò [41;31m[[41;97mERROR[41;31m][0m [1mNG9: Property 'newLocal' does not exist on type 'CeoComponent'.[0m [1m[35m[plugin angular-compiler][0m

    src/app/features/dashboard/ceo/ceo.component.html:82:42:
[37m      82 ‚îÇ ...          <input [ngModel]="[32mnewLocal[37m.latitud" name="latitud" ty...
         ‚ïµ                                [32m~~~~~~~~[0m

  Error occurs in the template of component CeoComponent.

    src/app/features/dashboard/ceo/ceo.component.ts:7:15:
[37m      7 ‚îÇ   templateUrl: [32m'./ceo.component.html'[37m,
        ‚ïµ                [32m~~~~~~~~~~~~~~~~~~~~~~[0m


[31m‚úò [41;31m[[41;97mERROR[41;31m][0m [1mNG8002: Can't bind to 'ngModel' since it isn't a known property of 'input'.[0m [1m[35m[plugin angular-compiler][0m

    src/app/features/dashboard/ceo/ceo.component.html:87:31:
[37m      87 ‚îÇ ...          <input [32m[ngModel]="newLocal.longitud"[37m name="longitud" ...
         ‚ïµ                     [32m~~~~~~~~~~~~~~~~~~~~~~~~~~~~~[0m

  Error occurs in the template of component CeoComponent.

    src/app/features/dashboard/ceo/ceo.component.ts:7:15:
[37m      7 ‚îÇ   templateUrl: [32m'./ceo.component.html'[37m,
        ‚ïµ                [32m~~~~~~~~~~~~~~~~~~~~~~[0m


[31m‚úò [41;31m[[41;97mERROR[41;31m][0m [1mNG9: Property 'newLocal' does not exist on type 'CeoComponent'.[0m [1m[35m[plugin angular-compiler][0m

    src/app/features/dashboard/ceo/ceo.component.html:87:42:
[37m      87 ‚îÇ ...          <input [ngModel]="[32mnewLocal[37m.longitud" name="longitud" ...
         ‚ïµ                                [32m~~~~~~~~[0m

  Error occurs in the template of component CeoComponent.

    src/app/features/dashboard/ceo/ceo.component.ts:7:15:
[37m      7 ‚îÇ   templateUrl: [32m'./ceo.component.html'[37m,
        ‚ïµ                [32m~~~~~~~~~~~~~~~~~~~~~~[0m


[31m‚úò [41;31m[[41;97mERROR[41;31m][0m [1mNG9: Property 'newLocal' does not exist on type 'CeoComponent'.[0m [1m[35m[plugin angular-compiler][0m

    src/app/features/dashboard/ceo/ceo.component.html:92:51:
[37m      92 ‚îÇ                 <button type="submit" [disabled]="![32mnewLocal[37m.latitud"
         ‚ïµ                                                    [32m~~~~~~~~[0m

  Error occurs in the template of component CeoComponent.

    src/app/features/dashboard/ceo/ceo.component.ts:7:15:
[37m      7 ‚îÇ   templateUrl: [32m'./ceo.component.html'[37m,
        ‚ïµ                [32m~~~~~~~~~~~~~~~~~~~~~~[0m


[31m‚úò [41;31m[[41;97mERROR[41;31m][0m [1mNG9: Property 'selectedLocal' does not exist on type 'CeoComponent'.[0m [1m[35m[plugin angular-compiler][0m

    src/app/features/dashboard/ceo/ceo.component.html:103:59:
[37m      103 ‚îÇ ..."text-2xl font-bold">Gestionando: {{ [32mselectedLocal[37m.nombre }}</h2>
          ‚ïµ                                         [32m~~~~~~~~~~~~~[0m

  Error occurs in the template of component CeoComponent.

    src/app/features/dashboard/ceo/ceo.component.ts:7:15:
[37m      7 ‚îÇ   templateUrl: [32m'./ceo.component.html'[37m,
        ‚ïµ                [32m~~~~~~~~~~~~~~~~~~~~~~[0m


[31m‚úò [41;31m[[41;97mERROR[41;31m][0m [1mNG9: Property 'activeTab' does not exist on type 'CeoComponent'.[0m [1m[35m[plugin angular-compiler][0m

    src/app/features/dashboard/ceo/ceo.component.html:104:29:
[37m      104 ‚îÇ             <button (click)="[32mactiveTab[37m = 'restaurantes'" class="t...
          ‚ïµ                              [32m~~~~~~~~~[0m

  Error occurs in the template of component CeoComponent.

    src/app/features/dashboard/ceo/ceo.component.ts:7:15:
[37m      7 ‚îÇ   templateUrl: [32m'./ceo.component.html'[37m,
        ‚ïµ                [32m~~~~~~~~~~~~~~~~~~~~~~[0m


[31m‚úò [41;31m[[41;97mERROR[41;31m][0m [1mTS2307: Cannot find module '../../../../core/services/admin.service' or its corresponding type declarations.[0m [1m[35m[plugin angular-compiler][0m

    src/app/features/dashboard/director/director.component.ts:4:29:
[37m      4 ‚îÇ ...rt { AdminService } from [32m'../../../../core/services/admin.service'[37m;
        ‚ïµ                             [32m~~~~~~~~~~~~~~~~~~~~~~~~~~~~~~~~~~~~~~~~~[0m


[31m‚úò [41;31m[[41;97mERROR[41;31m][0m [1mTS-992003: No suitable injection token for parameter 'adminService' of class 'DirectorComponent'.
  Consider using the @Inject decorator to specify an injection token.[0m [1m[35m[plugin angular-compiler][0m

    src/app/features/dashboard/director/director.component.ts:23:22:
[37m      23 ‚îÇ   constructor(private [32madminService[37m: AdminService) { }
         ‚ïµ                       [32m~~~~~~~~~~~~[0m

  This type does not have a value, so it cannot be used as injection token.

    src/app/features/dashboard/director/director.component.ts:23:36:
[37m      23 ‚îÇ   constructor(private adminService: [32mAdminService[37m) { }
         ‚ïµ                                     [32m~~~~~~~~~~~~[0m


[31m‚úò [41;31m[[41;97mERROR[41;31m][0m [1mTS7006: Parameter 'data' implicitly has an 'any' type.[0m [1m[35m[plugin angular-compiler][0m

    src/app/features/dashboard/director/director.component.ts:31:13:
[37m      31 ‚îÇ       next: ([32mdata[37m) => this.ceos = data,
         ‚ïµ              [32m~~~~[0m


[31m‚úò [41;31m[[41;97mERROR[41;31m][0m [1mTS7006: Parameter 'err' implicitly has an 'any' type.[0m [1m[35m[plugin angular-compiler][0m

    src/app/features/dashboard/director/director.component.ts:32:14:
[37m      32 ‚îÇ       error: ([32merr[37m) => console.error('Error loading CEOs', err)
         ‚ïµ               [32m~~~[0m


[31m‚úò [41;31m[[41;97mERROR[41;31m][0m [1mTS7006: Parameter 'response' implicitly has an 'any' type.[0m [1m[35m[plugin angular-compiler][0m

    src/app/features/dashboard/director/director.component.ts:42:13:
[37m      42 ‚îÇ       next: ([32mresponse[37m) => {
         ‚ïµ              [32m~~~~~~~~[0m


[31m‚úò [41;31m[[41;97mERROR[41;31m][0m [1mTS7006: Parameter 'err' implicitly has an 'any' type.[0m [1m[35m[plugin angular-compiler][0m

    src/app/features/dashboard/director/director.component.ts:47:14:
[37m      47 ‚îÇ       error: ([32merr[37m) => {
         ‚ïµ               [32m~~~[0m


‚ùØ Changes detected. Rebuilding...
‚úî Changes detected. Rebuilding...
Application bundle generation failed. [0.340 seconds]

[31m‚úò [41;31m[[41;97mERROR[41;31m][0m [1mTS2307: Cannot find module '../../../../core/services/management.service' or its corresponding type declarations.[0m [1m[35m[plugin angular-compiler][0m

    src/app/features/dashboard/ceo/ceo.component.ts:5:34:
[37m      5 ‚îÇ ...ementService } from [32m'../../../../core/services/management.service'[37m;
        ‚ïµ                        [32m~~~~~~~~~~~~~~~~~~~~~~~~~~~~~~~~~~~~~~~~~~~~~~[0m


[31m‚úò [41;31m[[41;97mERROR[41;31m][0m [1mTS-992003: No suitable injection token for parameter 'managementService' of class 'CeoComponent'.
  Consider using the @Inject decorator to specify an injection token.[0m [1m[35m[plugin angular-compiler][0m

    src/app/features/dashboard/ceo/ceo.component.ts:34:22:
[37m      34 ‚îÇ   constructor(private [32mmanagementService[37m: ManagementService) { }
         ‚ïµ                       [32m~~~~~~~~~~~~~~~~~[0m

  This type does not have a value, so it cannot be used as injection token.

    src/app/features/dashboard/ceo/ceo.component.ts:34:41:
[37m      34 ‚îÇ   constructor(private managementService: [32mManagementService[37m) { }
         ‚ïµ                                          [32m~~~~~~~~~~~~~~~~~[0m


[31m‚úò [41;31m[[41;97mERROR[41;31m][0m [1mTS7006: Parameter 'data' implicitly has an 'any' type.[0m [1m[35m[plugin angular-compiler][0m

    src/app/features/dashboard/ceo/ceo.component.ts:50:13:
[37m      50 ‚îÇ       next: ([32mdata[37m) => this.restaurantes = data,
         ‚ïµ              [32m~~~~[0m


[31m‚úò [41;31m[[41;97mERROR[41;31m][0m [1mTS7006: Parameter 'err' implicitly has an 'any' type.[0m [1m[35m[plugin angular-compiler][0m

    src/app/features/dashboard/ceo/ceo.component.ts:51:14:
[37m      51 ‚îÇ       error: ([32merr[37m) => console.error(err)
         ‚ïµ               [32m~~~[0m


[31m‚úò [41;31m[[41;97mERROR[41;31m][0m [1mTS7006: Parameter 'res' implicitly has an 'any' type.[0m [1m[35m[plugin angular-compiler][0m

    src/app/features/dashboard/ceo/ceo.component.ts:90:13:
[37m      90 ‚îÇ       next: ([32mres[37m) => {
         ‚ïµ              [32m~~~[0m


[31m‚úò [41;31m[[41;97mERROR[41;31m][0m [1mTS7006: Parameter 'err' implicitly has an 'any' type.[0m [1m[35m[plugin angular-compiler][0m

    src/app/features/dashboard/ceo/ceo.component.ts:98:14:
[37m      98 ‚îÇ       error: ([32merr[37m) => alert('Error al crear restaurante')
         ‚ïµ               [32m~~~[0m


[31m‚úò [41;31m[[41;97mERROR[41;31m][0m [1mTS2307: Cannot find module '../../../../core/services/admin.service' or its corresponding type declarations.[0m [1m[35m[plugin angular-compiler][0m

    src/app/features/dashboard/director/director.component.ts:4:29:
[37m      4 ‚îÇ ...rt { AdminService } from [32m'../../../../core/services/admin.service'[37m;
        ‚ïµ                             [32m~~~~~~~~~~~~~~~~~~~~~~~~~~~~~~~~~~~~~~~~~[0m


[31m‚úò [41;31m[[41;97mERROR[41;31m][0m [1mTS-992003: No suitable injection token for parameter 'adminService' of class 'DirectorComponent'.
  Consider using the @Inject decorator to specify an injection token.[0m [1m[35m[plugin angular-compiler][0m

    src/app/features/dashboard/director/director.component.ts:23:22:
[37m      23 ‚îÇ   constructor(private [32madminService[37m: AdminService) { }
         ‚ïµ                       [32m~~~~~~~~~~~~[0m

  This type does not have a value, so it cannot be used as injection token.

    src/app/features/dashboard/director/director.component.ts:23:36:
[37m      23 ‚îÇ   constructor(private adminService: [32mAdminService[37m) { }
         ‚ïµ                                     [32m~~~~~~~~~~~~[0m


[31m‚úò [41;31m[[41;97mERROR[41;31m][0m [1mTS7006: Parameter 'data' implicitly has an 'any' type.[0m [1m[35m[plugin angular-compiler][0m

    src/app/features/dashboard/director/director.component.ts:31:13:
[37m      31 ‚îÇ       next: ([32mdata[37m) => this.ceos = data,
         ‚ïµ              [32m~~~~[0m


[31m‚úò [41;31m[[41;97mERROR[41;31m][0m [1mTS7006: Parameter 'err' implicitly has an 'any' type.[0m [1m[35m[plugin angular-compiler][0m

    src/app/features/dashboard/director/director.component.ts:32:14:
[37m      32 ‚îÇ       error: ([32merr[37m) => console.error('Error loading CEOs', err)
         ‚ïµ               [32m~~~[0m


[31m‚úò [41;31m[[41;97mERROR[41;31m][0m [1mTS7006: Parameter 'response' implicitly has an 'any' type.[0m [1m[35m[plugin angular-compiler][0m

    src/app/features/dashboard/director/director.component.ts:42:13:
[37m      42 ‚îÇ       next: ([32mresponse[37m) => {
         ‚ïµ              [32m~~~~~~~~[0m


[31m‚úò [41;31m[[41;97mERROR[41;31m][0m [1mTS7006: Parameter 'err' implicitly has an 'any' type.[0m [1m[35m[plugin angular-compiler][0m

    src/app/features/dashboard/director/director.component.ts:47:14:
[37m      47 ‚îÇ       error: ([32merr[37m) => {
         ‚ïµ               [32m~~~[0m


‚ùØ Changes detected. Rebuilding...
‚úî Changes detected. Rebuilding...
Application bundle generation failed. [0.517 seconds]

[31m‚úò [41;31m[[41;97mERROR[41;31m][0m [1mTS2307: Cannot find module '../../../../core/services/management.service' or its corresponding type declarations.[0m [1m[35m[plugin angular-compiler][0m

    src/app/features/dashboard/ceo/ceo.component.ts:5:34:
[37m      5 ‚îÇ ...ementService } from [32m'../../../../core/services/management.service'[37m;
        ‚ïµ                        [32m~~~~~~~~~~~~~~~~~~~~~~~~~~~~~~~~~~~~~~~~~~~~~~[0m


[31m‚úò [41;31m[[41;97mERROR[41;31m][0m [1mTS-992003: No suitable injection token for parameter 'managementService' of class 'CeoComponent'.
  Consider using the @Inject decorator to specify an injection token.[0m [1m[35m[plugin angular-compiler][0m

    src/app/features/dashboard/ceo/ceo.component.ts:34:22:
[37m      34 ‚îÇ   constructor(private [32mmanagementService[37m: ManagementService) { }
         ‚ïµ                       [32m~~~~~~~~~~~~~~~~~[0m

  This type does not have a value, so it cannot be used as injection token.

    src/app/features/dashboard/ceo/ceo.component.ts:34:41:
[37m      34 ‚îÇ   constructor(private managementService: [32mManagementService[37m) { }
         ‚ïµ                                          [32m~~~~~~~~~~~~~~~~~[0m


[31m‚úò [41;31m[[41;97mERROR[41;31m][0m [1mTS7006: Parameter 'data' implicitly has an 'any' type.[0m [1m[35m[plugin angular-compiler][0m

    src/app/features/dashboard/ceo/ceo.component.ts:50:13:
[37m      50 ‚îÇ       next: ([32mdata[37m) => this.restaurantes = data,
         ‚ïµ              [32m~~~~[0m


[31m‚úò [41;31m[[41;97mERROR[41;31m][0m [1mTS7006: Parameter 'err' implicitly has an 'any' type.[0m [1m[35m[plugin angular-compiler][0m

    src/app/features/dashboard/ceo/ceo.component.ts:51:14:
[37m      51 ‚îÇ       error: ([32merr[37m) => console.error(err)
         ‚ïµ               [32m~~~[0m


[31m‚úò [41;31m[[41;97mERROR[41;31m][0m [1mTS7006: Parameter 'res' implicitly has an 'any' type.[0m [1m[35m[plugin angular-compiler][0m

    src/app/features/dashboard/ceo/ceo.component.ts:90:13:
[37m      90 ‚îÇ       next: ([32mres[37m) => {
         ‚ïµ              [32m~~~[0m


[31m‚úò [41;31m[[41;97mERROR[41;31m][0m [1mTS7006: Parameter 'err' implicitly has an 'any' type.[0m [1m[35m[plugin angular-compiler][0m

    src/app/features/dashboard/ceo/ceo.component.ts:98:14:
[37m      98 ‚îÇ       error: ([32merr[37m) => alert('Error al crear restaurante')
         ‚ïµ               [32m~~~[0m


[31m‚úò [41;31m[[41;97mERROR[41;31m][0m [1mTS2307: Cannot find module '../../../../core/services/admin.service' or its corresponding type declarations.[0m [1m[35m[plugin angular-compiler][0m

    src/app/features/dashboard/director/director.component.ts:4:29:
[37m      4 ‚îÇ ...rt { AdminService } from [32m'../../../../core/services/admin.service'[37m;
        ‚ïµ                             [32m~~~~~~~~~~~~~~~~~~~~~~~~~~~~~~~~~~~~~~~~~[0m


[31m‚úò [41;31m[[41;97mERROR[41;31m][0m [1mTS-992003: No suitable injection token for parameter 'adminService' of class 'DirectorComponent'.
  Consider using the @Inject decorator to specify an injection token.[0m [1m[35m[plugin angular-compiler][0m

    src/app/features/dashboard/director/director.component.ts:23:22:
[37m      23 ‚îÇ   constructor(private [32madminService[37m: AdminService) { }
         ‚ïµ                       [32m~~~~~~~~~~~~[0m

  This type does not have a value, so it cannot be used as injection token.

    src/app/features/dashboard/director/director.component.ts:23:36:
[37m      23 ‚îÇ   constructor(private adminService: [32mAdminService[37m) { }
         ‚ïµ                                     [32m~~~~~~~~~~~~[0m


[31m‚úò [41;31m[[41;97mERROR[41;31m][0m [1mTS7006: Parameter 'data' implicitly has an 'any' type.[0m [1m[35m[plugin angular-compiler][0m

    src/app/features/dashboard/director/director.component.ts:31:13:
[37m      31 ‚îÇ       next: ([32mdata[37m) => this.ceos = data,
         ‚ïµ              [32m~~~~[0m


[31m‚úò [41;31m[[41;97mERROR[41;31m][0m [1mTS7006: Parameter 'err' implicitly has an 'any' type.[0m [1m[35m[plugin angular-compiler][0m

    src/app/features/dashboard/director/director.component.ts:32:14:
[37m      32 ‚îÇ       error: ([32merr[37m) => console.error('Error loading CEOs', err)
         ‚ïµ               [32m~~~[0m


[31m‚úò [41;31m[[41;97mERROR[41;31m][0m [1mTS7006: Parameter 'response' implicitly has an 'any' type.[0m [1m[35m[plugin angular-compiler][0m

    src/app/features/dashboard/director/director.component.ts:42:13:
[37m      42 ‚îÇ       next: ([32mresponse[37m) => {
         ‚ïµ              [32m~~~~~~~~[0m


[31m‚úò [41;31m[[41;97mERROR[41;31m][0m [1mTS7006: Parameter 'err' implicitly has an 'any' type.[0m [1m[35m[plugin angular-compiler][0m

    src/app/features/dashboard/director/director.component.ts:47:14:
[37m      47 ‚îÇ       error: ([32merr[37m) => {
         ‚ïµ               [32m~~~[0m


‚ùØ Changes detected. Rebuilding...
‚úî Changes detected. Rebuilding...
Application bundle generation failed. [0.251 seconds]

[31m‚úò [41;31m[[41;97mERROR[41;31m][0m [1mTS2307: Cannot find module '../../../../core/services/management.service' or its corresponding type declarations.[0m [1m[35m[plugin angular-compiler][0m

    src/app/features/dashboard/ceo/ceo.component.ts:5:34:
[37m      5 ‚îÇ ...ementService } from [32m'../../../../core/services/management.service'[37m;
        ‚ïµ                        [32m~~~~~~~~~~~~~~~~~~~~~~~~~~~~~~~~~~~~~~~~~~~~~~[0m


[31m‚úò [41;31m[[41;97mERROR[41;31m][0m [1mTS-992003: No suitable injection token for parameter 'managementService' of class 'CeoComponent'.
  Consider using the @Inject decorator to specify an injection token.[0m [1m[35m[plugin angular-compiler][0m

    src/app/features/dashboard/ceo/ceo.component.ts:34:22:
[37m      34 ‚îÇ   constructor(private [32mmanagementService[37m: ManagementService) { }
         ‚ïµ                       [32m~~~~~~~~~~~~~~~~~[0m

  This type does not have a value, so it cannot be used as injection token.

    src/app/features/dashboard/ceo/ceo.component.ts:34:41:
[37m      34 ‚îÇ   constructor(private managementService: [32mManagementService[37m) { }
         ‚ïµ                                          [32m~~~~~~~~~~~~~~~~~[0m


[31m‚úò [41;31m[[41;97mERROR[41;31m][0m [1mTS7006: Parameter 'data' implicitly has an 'any' type.[0m [1m[35m[plugin angular-compiler][0m

    src/app/features/dashboard/ceo/ceo.component.ts:50:13:
[37m      50 ‚îÇ       next: ([32mdata[37m) => this.restaurantes = data,
         ‚ïµ              [32m~~~~[0m


[31m‚úò [41;31m[[41;97mERROR[41;31m][0m [1mTS7006: Parameter 'err' implicitly has an 'any' type.[0m [1m[35m[plugin angular-compiler][0m

    src/app/features/dashboard/ceo/ceo.component.ts:51:14:
[37m      51 ‚îÇ       error: ([32merr[37m) => console.error(err)
         ‚ïµ               [32m~~~[0m


[31m‚úò [41;31m[[41;97mERROR[41;31m][0m [1mTS7006: Parameter 'res' implicitly has an 'any' type.[0m [1m[35m[plugin angular-compiler][0m

    src/app/features/dashboard/ceo/ceo.component.ts:90:13:
[37m      90 ‚îÇ       next: ([32mres[37m) => {
         ‚ïµ              [32m~~~[0m


[31m‚úò [41;31m[[41;97mERROR[41;31m][0m [1mTS7006: Parameter 'err' implicitly has an 'any' type.[0m [1m[35m[plugin angular-compiler][0m

    src/app/features/dashboard/ceo/ceo.component.ts:98:14:
[37m      98 ‚îÇ       error: ([32merr[37m) => alert('Error al crear restaurante')
         ‚ïµ               [32m~~~[0m


[31m‚úò [41;31m[[41;97mERROR[41;31m][0m [1mTS2307: Cannot find module '../../../../core/services/admin.service' or its corresponding type declarations.[0m [1m[35m[plugin angular-compiler][0m

    src/app/features/dashboard/director/director.component.ts:4:29:
[37m      4 ‚îÇ ...rt { AdminService } from [32m'../../../../core/services/admin.service'[37m;
        ‚ïµ                             [32m~~~~~~~~~~~~~~~~~~~~~~~~~~~~~~~~~~~~~~~~~[0m


[31m‚úò [41;31m[[41;97mERROR[41;31m][0m [1mTS-992003: No suitable injection token for parameter 'adminService' of class 'DirectorComponent'.
  Consider using the @Inject decorator to specify an injection token.[0m [1m[35m[plugin angular-compiler][0m

    src/app/features/dashboard/director/director.component.ts:23:22:
[37m      23 ‚îÇ   constructor(private [32madminService[37m: AdminService) { }
         ‚ïµ                       [32m~~~~~~~~~~~~[0m

  This type does not have a value, so it cannot be used as injection token.

    src/app/features/dashboard/director/director.component.ts:23:36:
[37m      23 ‚îÇ   constructor(private adminService: [32mAdminService[37m) { }
         ‚ïµ                                     [32m~~~~~~~~~~~~[0m


[31m‚úò [41;31m[[41;97mERROR[41;31m][0m [1mTS7006: Parameter 'data' implicitly has an 'any' type.[0m [1m[35m[plugin angular-compiler][0m

    src/app/features/dashboard/director/director.component.ts:31:13:
[37m      31 ‚îÇ       next: ([32mdata[37m) => this.ceos = data,
         ‚ïµ              [32m~~~~[0m


[31m‚úò [41;31m[[41;97mERROR[41;31m][0m [1mTS7006: Parameter 'err' implicitly has an 'any' type.[0m [1m[35m[plugin angular-compiler][0m

    src/app/features/dashboard/director/director.component.ts:32:14:
[37m      32 ‚îÇ       error: ([32merr[37m) => console.error('Error loading CEOs', err)
         ‚ïµ               [32m~~~[0m


[31m‚úò [41;31m[[41;97mERROR[41;31m][0m [1mTS7006: Parameter 'response' implicitly has an 'any' type.[0m [1m[35m[plugin angular-compiler][0m

    src/app/features/dashboard/director/director.component.ts:42:13:
[37m      42 ‚îÇ       next: ([32mresponse[37m) => {
         ‚ïµ              [32m~~~~~~~~[0m


[31m‚úò [41;31m[[41;97mERROR[41;31m][0m [1mTS7006: Parameter 'err' implicitly has an 'any' type.[0m [1m[35m[plugin angular-compiler][0m

    src/app/features/dashboard/director/director.component.ts:47:14:
[37m      47 ‚îÇ       error: ([32merr[37m) => {
         ‚ïµ               [32m~~~[0m


‚ùØ Changes detected. Rebuilding...
‚úî Changes detected. Rebuilding...
Application bundle generation failed. [0.241 seconds]

[31m‚úò [41;31m[[41;97mERROR[41;31m][0m [1mTS2307: Cannot find module '../../../../core/services/management.service' or its corresponding type declarations.[0m [1m[35m[plugin angular-compiler][0m

    src/app/features/dashboard/ceo/ceo.component.ts:5:34:
[37m      5 ‚îÇ ...ementService } from [32m'../../../../core/services/management.service'[37m;
        ‚ïµ                        [32m~~~~~~~~~~~~~~~~~~~~~~~~~~~~~~~~~~~~~~~~~~~~~~[0m


[31m‚úò [41;31m[[41;97mERROR[41;31m][0m [1mTS-992003: No suitable injection token for parameter 'managementService' of class 'CeoComponent'.
  Consider using the @Inject decorator to specify an injection token.[0m [1m[35m[plugin angular-compiler][0m

    src/app/features/dashboard/ceo/ceo.component.ts:34:22:
[37m      34 ‚îÇ   constructor(private [32mmanagementService[37m: ManagementService) { }
         ‚ïµ                       [32m~~~~~~~~~~~~~~~~~[0m

  This type does not have a value, so it cannot be used as injection token.

    src/app/features/dashboard/ceo/ceo.component.ts:34:41:
[37m      34 ‚îÇ   constructor(private managementService: [32mManagementService[37m) { }
         ‚ïµ                                          [32m~~~~~~~~~~~~~~~~~[0m


[31m‚úò [41;31m[[41;97mERROR[41;31m][0m [1mTS7006: Parameter 'data' implicitly has an 'any' type.[0m [1m[35m[plugin angular-compiler][0m

    src/app/features/dashboard/ceo/ceo.component.ts:50:13:
[37m      50 ‚îÇ       next: ([32mdata[37m) => this.restaurantes = data,
         ‚ïµ              [32m~~~~[0m


[31m‚úò [41;31m[[41;97mERROR[41;31m][0m [1mTS7006: Parameter 'err' implicitly has an 'any' type.[0m [1m[35m[plugin angular-compiler][0m

    src/app/features/dashboard/ceo/ceo.component.ts:51:14:
[37m      51 ‚îÇ       error: ([32merr[37m) => console.error(err)
         ‚ïµ               [32m~~~[0m


[31m‚úò [41;31m[[41;97mERROR[41;31m][0m [1mTS7006: Parameter 'res' implicitly has an 'any' type.[0m [1m[35m[plugin angular-compiler][0m

    src/app/features/dashboard/ceo/ceo.component.ts:90:13:
[37m      90 ‚îÇ       next: ([32mres[37m) => {
         ‚ïµ              [32m~~~[0m


[31m‚úò [41;31m[[41;97mERROR[41;31m][0m [1mTS7006: Parameter 'err' implicitly has an 'any' type.[0m [1m[35m[plugin angular-compiler][0m

    src/app/features/dashboard/ceo/ceo.component.ts:98:14:
[37m      98 ‚îÇ       error: ([32merr[37m) => alert('Error al crear restaurante')
         ‚ïµ               [32m~~~[0m


[31m‚úò [41;31m[[41;97mERROR[41;31m][0m [1mTS2307: Cannot find module '../../../../core/services/admin.service' or its corresponding type declarations.[0m [1m[35m[plugin angular-compiler][0m

    src/app/features/dashboard/director/director.component.ts:4:29:
[37m      4 ‚îÇ ...rt { AdminService } from [32m'../../../../core/services/admin.service'[37m;
        ‚ïµ                             [32m~~~~~~~~~~~~~~~~~~~~~~~~~~~~~~~~~~~~~~~~~[0m


[31m‚úò [41;31m[[41;97mERROR[41;31m][0m [1mTS-992003: No suitable injection token for parameter 'adminService' of class 'DirectorComponent'.
  Consider using the @Inject decorator to specify an injection token.[0m [1m[35m[plugin angular-compiler][0m

    src/app/features/dashboard/director/director.component.ts:23:22:
[37m      23 ‚îÇ   constructor(private [32madminService[37m: AdminService) { }
         ‚ïµ                       [32m~~~~~~~~~~~~[0m

  This type does not have a value, so it cannot be used as injection token.

    src/app/features/dashboard/director/director.component.ts:23:36:
[37m      23 ‚îÇ   constructor(private adminService: [32mAdminService[37m) { }
         ‚ïµ                                     [32m~~~~~~~~~~~~[0m


[31m‚úò [41;31m[[41;97mERROR[41;31m][0m [1mTS7006: Parameter 'data' implicitly has an 'any' type.[0m [1m[35m[plugin angular-compiler][0m

    src/app/features/dashboard/director/director.component.ts:31:13:
[37m      31 ‚îÇ       next: ([32mdata[37m) => this.ceos = data,
         ‚ïµ              [32m~~~~[0m


[31m‚úò [41;31m[[41;97mERROR[41;31m][0m [1mTS7006: Parameter 'err' implicitly has an 'any' type.[0m [1m[35m[plugin angular-compiler][0m

    src/app/features/dashboard/director/director.component.ts:32:14:
[37m      32 ‚îÇ       error: ([32merr[37m) => console.error('Error loading CEOs', err)
         ‚ïµ               [32m~~~[0m


[31m‚úò [41;31m[[41;97mERROR[41;31m][0m [1mTS7006: Parameter 'response' implicitly has an 'any' type.[0m [1m[35m[plugin angular-compiler][0m

    src/app/features/dashboard/director/director.component.ts:42:13:
[37m      42 ‚îÇ       next: ([32mresponse[37m) => {
         ‚ïµ              [32m~~~~~~~~[0m


[31m‚úò [41;31m[[41;97mERROR[41;31m][0m [1mTS7006: Parameter 'err' implicitly has an 'any' type.[0m [1m[35m[plugin angular-compiler][0m

    src/app/features/dashboard/director/director.component.ts:47:14:
[37m      47 ‚îÇ       error: ([32merr[37m) => {
         ‚ïµ               [32m~~~[0m


‚ùØ Changes detected. Rebuilding...
‚úî Changes detected. Rebuilding...
Application bundle generation failed. [0.220 seconds]

[33m‚ñ≤ [43;33m[[43;30mWARNING[43;33m][0m [1mNG8103: The `*ngIf` directive was used in the template, but neither the `NgIf` directive nor the `CommonModule` was imported. Use Angular's built-in control flow @if or make sure that either the `NgIf` directive or the `CommonModule` is included in the `@Component.imports` array of this component.[0m [1m[35m[plugin angular-compiler][0m

    src/app/features/profile/profile.component.html:6:14:
[37m      6 ‚îÇ         <div *[32mngIf[37m="user" class="space-y-4">
        ‚ïµ               [32m~~~~[0m

  Error occurs in the template of component ProfileComponent.

    src/app/features/profile/profile.component.ts:7:15:
[37m      7 ‚îÇ   templateUrl: [32m'./profile.component.html'[37m,
        ‚ïµ                [32m~~~~~~~~~~~~~~~~~~~~~~~~~~[0m


[31m‚úò [41;31m[[41;97mERROR[41;31m][0m [1mTS2307: Cannot find module '../../../../core/services/management.service' or its corresponding type declarations.[0m [1m[35m[plugin angular-compiler][0m

    src/app/features/dashboard/ceo/ceo.component.ts:5:34:
[37m      5 ‚îÇ ...ementService } from [32m'../../../../core/services/management.service'[37m;
        ‚ïµ                        [32m~~~~~~~~~~~~~~~~~~~~~~~~~~~~~~~~~~~~~~~~~~~~~~[0m


[31m‚úò [41;31m[[41;97mERROR[41;31m][0m [1mTS-992003: No suitable injection token for parameter 'managementService' of class 'CeoComponent'.
  Consider using the @Inject decorator to specify an injection token.[0m [1m[35m[plugin angular-compiler][0m

    src/app/features/dashboard/ceo/ceo.component.ts:34:22:
[37m      34 ‚îÇ   constructor(private [32mmanagementService[37m: ManagementService) { }
         ‚ïµ                       [32m~~~~~~~~~~~~~~~~~[0m

  This type does not have a value, so it cannot be used as injection token.

    src/app/features/dashboard/ceo/ceo.component.ts:34:41:
[37m      34 ‚îÇ   constructor(private managementService: [32mManagementService[37m) { }
         ‚ïµ                                          [32m~~~~~~~~~~~~~~~~~[0m


[31m‚úò [41;31m[[41;97mERROR[41;31m][0m [1mTS7006: Parameter 'data' implicitly has an 'any' type.[0m [1m[35m[plugin angular-compiler][0m

    src/app/features/dashboard/ceo/ceo.component.ts:50:13:
[37m      50 ‚îÇ       next: ([32mdata[37m) => this.restaurantes = data,
         ‚ïµ              [32m~~~~[0m


[31m‚úò [41;31m[[41;97mERROR[41;31m][0m [1mTS7006: Parameter 'err' implicitly has an 'any' type.[0m [1m[35m[plugin angular-compiler][0m

    src/app/features/dashboard/ceo/ceo.component.ts:51:14:
[37m      51 ‚îÇ       error: ([32merr[37m) => console.error(err)
         ‚ïµ               [32m~~~[0m


[31m‚úò [41;31m[[41;97mERROR[41;31m][0m [1mTS7006: Parameter 'res' implicitly has an 'any' type.[0m [1m[35m[plugin angular-compiler][0m

    src/app/features/dashboard/ceo/ceo.component.ts:90:13:
[37m      90 ‚îÇ       next: ([32mres[37m) => {
         ‚ïµ              [32m~~~[0m


[31m‚úò [41;31m[[41;97mERROR[41;31m][0m [1mTS7006: Parameter 'err' implicitly has an 'any' type.[0m [1m[35m[plugin angular-compiler][0m

    src/app/features/dashboard/ceo/ceo.component.ts:98:14:
[37m      98 ‚îÇ       error: ([32merr[37m) => alert('Error al crear restaurante')
         ‚ïµ               [32m~~~[0m


[31m‚úò [41;31m[[41;97mERROR[41;31m][0m [1mTS2307: Cannot find module '../../../../core/services/admin.service' or its corresponding type declarations.[0m [1m[35m[plugin angular-compiler][0m

    src/app/features/dashboard/director/director.component.ts:4:29:
[37m      4 ‚îÇ ...rt { AdminService } from [32m'../../../../core/services/admin.service'[37m;
        ‚ïµ                             [32m~~~~~~~~~~~~~~~~~~~~~~~~~~~~~~~~~~~~~~~~~[0m


[31m‚úò [41;31m[[41;97mERROR[41;31m][0m [1mTS-992003: No suitable injection token for parameter 'adminService' of class 'DirectorComponent'.
  Consider using the @Inject decorator to specify an injection token.[0m [1m[35m[plugin angular-compiler][0m

    src/app/features/dashboard/director/director.component.ts:23:22:
[37m      23 ‚îÇ   constructor(private [32madminService[37m: AdminService) { }
         ‚ïµ                       [32m~~~~~~~~~~~~[0m

  This type does not have a value, so it cannot be used as injection token.

    src/app/features/dashboard/director/director.component.ts:23:36:
[37m      23 ‚îÇ   constructor(private adminService: [32mAdminService[37m) { }
         ‚ïµ                                     [32m~~~~~~~~~~~~[0m


[31m‚úò [41;31m[[41;97mERROR[41;31m][0m [1mTS7006: Parameter 'data' implicitly has an 'any' type.[0m [1m[35m[plugin angular-compiler][0m

    src/app/features/dashboard/director/director.component.ts:31:13:
[37m      31 ‚îÇ       next: ([32mdata[37m) => this.ceos = data,
         ‚ïµ              [32m~~~~[0m


[31m‚úò [41;31m[[41;97mERROR[41;31m][0m [1mTS7006: Parameter 'err' implicitly has an 'any' type.[0m [1m[35m[plugin angular-compiler][0m

    src/app/features/dashboard/director/director.component.ts:32:14:
[37m      32 ‚îÇ       error: ([32merr[37m) => console.error('Error loading CEOs', err)
         ‚ïµ               [32m~~~[0m


[31m‚úò [41;31m[[41;97mERROR[41;31m][0m [1mTS7006: Parameter 'response' implicitly has an 'any' type.[0m [1m[35m[plugin angular-compiler][0m

    src/app/features/dashboard/director/director.component.ts:42:13:
[37m      42 ‚îÇ       next: ([32mresponse[37m) => {
         ‚ïµ              [32m~~~~~~~~[0m


[31m‚úò [41;31m[[41;97mERROR[41;31m][0m [1mTS7006: Parameter 'err' implicitly has an 'any' type.[0m [1m[35m[plugin angular-compiler][0m

    src/app/features/dashboard/director/director.component.ts:47:14:
[37m      47 ‚îÇ       error: ([32merr[37m) => {
         ‚ïµ               [32m~~~[0m


[31m‚úò [41;31m[[41;97mERROR[41;31m][0m [1mNG9: Property 'user' does not exist on type 'ProfileComponent'.[0m [1m[35m[plugin angular-compiler][0m

    src/app/features/profile/profile.component.html:9:44:
[37m      9 ‚îÇ                 <input type="text" [value]="[32muser[37m.nombre" readonly
        ‚ïµ                                             [32m~~~~[0m

  Error occurs in the template of component ProfileComponent.

    src/app/features/profile/profile.component.ts:7:15:
[37m      7 ‚îÇ   templateUrl: [32m'./profile.component.html'[37m,
        ‚ïµ                [32m~~~~~~~~~~~~~~~~~~~~~~~~~~[0m


[31m‚úò [41;31m[[41;97mERROR[41;31m][0m [1mNG9: Property 'user' does not exist on type 'ProfileComponent'.[0m [1m[35m[plugin angular-compiler][0m

    src/app/features/profile/profile.component.html:14:45:
[37m      14 ‚îÇ                 <input type="email" [value]="[32muser[37m.email" readonly
         ‚ïµ                                              [32m~~~~[0m

  Error occurs in the template of component ProfileComponent.

    src/app/features/profile/profile.component.ts:7:15:
[37m      7 ‚îÇ   templateUrl: [32m'./profile.component.html'[37m,
        ‚ïµ                [32m~~~~~~~~~~~~~~~~~~~~~~~~~~[0m


[31m‚úò [41;31m[[41;97mERROR[41;31m][0m [1mNG9: Property 'user' does not exist on type 'ProfileComponent'.[0m [1m[35m[plugin angular-compiler][0m

    src/app/features/profile/profile.component.html:21:23:
[37m      21 ‚îÇ                     {{ [32muser[37m.rol }}
         ‚ïµ                        [32m~~~~[0m

  Error occurs in the template of component ProfileComponent.

    src/app/features/profile/profile.component.ts:7:15:
[37m      7 ‚îÇ   templateUrl: [32m'./profile.component.html'[37m,
        ‚ïµ                [32m~~~~~~~~~~~~~~~~~~~~~~~~~~[0m


‚ùØ Changes detected. Rebuilding...
‚úî Changes detected. Rebuilding...
Application bundle generation failed. [0.280 seconds]

[31m‚úò [41;31m[[41;97mERROR[41;31m][0m [1mTS2307: Cannot find module '../../../../core/services/management.service' or its corresponding type declarations.[0m [1m[35m[plugin angular-compiler][0m

    src/app/features/dashboard/ceo/ceo.component.ts:5:34:
[37m      5 ‚îÇ ...ementService } from [32m'../../../../core/services/management.service'[37m;
        ‚ïµ                        [32m~~~~~~~~~~~~~~~~~~~~~~~~~~~~~~~~~~~~~~~~~~~~~~[0m


[31m‚úò [41;31m[[41;97mERROR[41;31m][0m [1mTS-992003: No suitable injection token for parameter 'managementService' of class 'CeoComponent'.
  Consider using the @Inject decorator to specify an injection token.[0m [1m[35m[plugin angular-compiler][0m

    src/app/features/dashboard/ceo/ceo.component.ts:34:22:
[37m      34 ‚îÇ   constructor(private [32mmanagementService[37m: ManagementService) { }
         ‚ïµ                       [32m~~~~~~~~~~~~~~~~~[0m

  This type does not have a value, so it cannot be used as injection token.

    src/app/features/dashboard/ceo/ceo.component.ts:34:41:
[37m      34 ‚îÇ   constructor(private managementService: [32mManagementService[37m) { }
         ‚ïµ                                          [32m~~~~~~~~~~~~~~~~~[0m


[31m‚úò [41;31m[[41;97mERROR[41;31m][0m [1mTS7006: Parameter 'data' implicitly has an 'any' type.[0m [1m[35m[plugin angular-compiler][0m

    src/app/features/dashboard/ceo/ceo.component.ts:50:13:
[37m      50 ‚îÇ       next: ([32mdata[37m) => this.restaurantes = data,
         ‚ïµ              [32m~~~~[0m


[31m‚úò [41;31m[[41;97mERROR[41;31m][0m [1mTS7006: Parameter 'err' implicitly has an 'any' type.[0m [1m[35m[plugin angular-compiler][0m

    src/app/features/dashboard/ceo/ceo.component.ts:51:14:
[37m      51 ‚îÇ       error: ([32merr[37m) => console.error(err)
         ‚ïµ               [32m~~~[0m


[31m‚úò [41;31m[[41;97mERROR[41;31m][0m [1mTS7006: Parameter 'res' implicitly has an 'any' type.[0m [1m[35m[plugin angular-compiler][0m

    src/app/features/dashboard/ceo/ceo.component.ts:90:13:
[37m      90 ‚îÇ       next: ([32mres[37m) => {
         ‚ïµ              [32m~~~[0m


[31m‚úò [41;31m[[41;97mERROR[41;31m][0m [1mTS7006: Parameter 'err' implicitly has an 'any' type.[0m [1m[35m[plugin angular-compiler][0m

    src/app/features/dashboard/ceo/ceo.component.ts:98:14:
[37m      98 ‚îÇ       error: ([32merr[37m) => alert('Error al crear restaurante')
         ‚ïµ               [32m~~~[0m


[31m‚úò [41;31m[[41;97mERROR[41;31m][0m [1mTS2307: Cannot find module '../../../../core/services/admin.service' or its corresponding type declarations.[0m [1m[35m[plugin angular-compiler][0m

    src/app/features/dashboard/director/director.component.ts:4:29:
[37m      4 ‚îÇ ...rt { AdminService } from [32m'../../../../core/services/admin.service'[37m;
        ‚ïµ                             [32m~~~~~~~~~~~~~~~~~~~~~~~~~~~~~~~~~~~~~~~~~[0m


[31m‚úò [41;31m[[41;97mERROR[41;31m][0m [1mTS-992003: No suitable injection token for parameter 'adminService' of class 'DirectorComponent'.
  Consider using the @Inject decorator to specify an injection token.[0m [1m[35m[plugin angular-compiler][0m

    src/app/features/dashboard/director/director.component.ts:23:22:
[37m      23 ‚îÇ   constructor(private [32madminService[37m: AdminService) { }
         ‚ïµ                       [32m~~~~~~~~~~~~[0m

  This type does not have a value, so it cannot be used as injection token.

    src/app/features/dashboard/director/director.component.ts:23:36:
[37m      23 ‚îÇ   constructor(private adminService: [32mAdminService[37m) { }
         ‚ïµ                                     [32m~~~~~~~~~~~~[0m


[31m‚úò [41;31m[[41;97mERROR[41;31m][0m [1mTS7006: Parameter 'data' implicitly has an 'any' type.[0m [1m[35m[plugin angular-compiler][0m

    src/app/features/dashboard/director/director.component.ts:31:13:
[37m      31 ‚îÇ       next: ([32mdata[37m) => this.ceos = data,
         ‚ïµ              [32m~~~~[0m


[31m‚úò [41;31m[[41;97mERROR[41;31m][0m [1mTS7006: Parameter 'err' implicitly has an 'any' type.[0m [1m[35m[plugin angular-compiler][0m

    src/app/features/dashboard/director/director.component.ts:32:14:
[37m      32 ‚îÇ       error: ([32merr[37m) => console.error('Error loading CEOs', err)
         ‚ïµ               [32m~~~[0m


[31m‚úò [41;31m[[41;97mERROR[41;31m][0m [1mTS7006: Parameter 'response' implicitly has an 'any' type.[0m [1m[35m[plugin angular-compiler][0m

    src/app/features/dashboard/director/director.component.ts:42:13:
[37m      42 ‚îÇ       next: ([32mresponse[37m) => {
         ‚ïµ              [32m~~~~~~~~[0m


[31m‚úò [41;31m[[41;97mERROR[41;31m][0m [1mTS7006: Parameter 'err' implicitly has an 'any' type.[0m [1m[35m[plugin angular-compiler][0m

    src/app/features/dashboard/director/director.component.ts:47:14:
[37m      47 ‚îÇ       error: ([32merr[37m) => {
         ‚ïµ               [32m~~~[0m


‚ùØ Changes detected. Rebuilding...
‚úî Changes detected. Rebuilding...
Application bundle generation failed. [0.498 seconds]

[31m‚úò [41;31m[[41;97mERROR[41;31m][0m [1mTS2307: Cannot find module '../../../../core/services/management.service' or its corresponding type declarations.[0m [1m[35m[plugin angular-compiler][0m

    src/app/features/dashboard/ceo/ceo.component.ts:5:34:
[37m      5 ‚îÇ ...ementService } from [32m'../../../../core/services/management.service'[37m;
        ‚ïµ                        [32m~~~~~~~~~~~~~~~~~~~~~~~~~~~~~~~~~~~~~~~~~~~~~~[0m


[31m‚úò [41;31m[[41;97mERROR[41;31m][0m [1mTS-992003: No suitable injection token for parameter 'managementService' of class 'CeoComponent'.
  Consider using the @Inject decorator to specify an injection token.[0m [1m[35m[plugin angular-compiler][0m

    src/app/features/dashboard/ceo/ceo.component.ts:34:22:
[37m      34 ‚îÇ   constructor(private [32mmanagementService[37m: ManagementService) { }
         ‚ïµ                       [32m~~~~~~~~~~~~~~~~~[0m

  This type does not have a value, so it cannot be used as injection token.

    src/app/features/dashboard/ceo/ceo.component.ts:34:41:
[37m      34 ‚îÇ   constructor(private managementService: [32mManagementService[37m) { }
         ‚ïµ                                          [32m~~~~~~~~~~~~~~~~~[0m


[31m‚úò [41;31m[[41;97mERROR[41;31m][0m [1mTS7006: Parameter 'data' implicitly has an 'any' type.[0m [1m[35m[plugin angular-compiler][0m

    src/app/features/dashboard/ceo/ceo.component.ts:50:13:
[37m      50 ‚îÇ       next: ([32mdata[37m) => this.restaurantes = data,
         ‚ïµ              [32m~~~~[0m


[31m‚úò [41;31m[[41;97mERROR[41;31m][0m [1mTS7006: Parameter 'err' implicitly has an 'any' type.[0m [1m[35m[plugin angular-compiler][0m

    src/app/features/dashboard/ceo/ceo.component.ts:51:14:
[37m      51 ‚îÇ       error: ([32merr[37m) => console.error(err)
         ‚ïµ               [32m~~~[0m


[31m‚úò [41;31m[[41;97mERROR[41;31m][0m [1mTS7006: Parameter 'res' implicitly has an 'any' type.[0m [1m[35m[plugin angular-compiler][0m

    src/app/features/dashboard/ceo/ceo.component.ts:90:13:
[37m      90 ‚îÇ       next: ([32mres[37m) => {
         ‚ïµ              [32m~~~[0m


[31m‚úò [41;31m[[41;97mERROR[41;31m][0m [1mTS7006: Parameter 'err' implicitly has an 'any' type.[0m [1m[35m[plugin angular-compiler][0m

    src/app/features/dashboard/ceo/ceo.component.ts:98:14:
[37m      98 ‚îÇ       error: ([32merr[37m) => alert('Error al crear restaurante')
         ‚ïµ               [32m~~~[0m


[31m‚úò [41;31m[[41;97mERROR[41;31m][0m [1mTS2307: Cannot find module '../../../../core/services/admin.service' or its corresponding type declarations.[0m [1m[35m[plugin angular-compiler][0m

    src/app/features/dashboard/director/director.component.ts:4:29:
[37m      4 ‚îÇ ...rt { AdminService } from [32m'../../../../core/services/admin.service'[37m;
        ‚ïµ                             [32m~~~~~~~~~~~~~~~~~~~~~~~~~~~~~~~~~~~~~~~~~[0m


[31m‚úò [41;31m[[41;97mERROR[41;31m][0m [1mTS-992003: No suitable injection token for parameter 'adminService' of class 'DirectorComponent'.
  Consider using the @Inject decorator to specify an injection token.[0m [1m[35m[plugin angular-compiler][0m

    src/app/features/dashboard/director/director.component.ts:23:22:
[37m      23 ‚îÇ   constructor(private [32madminService[37m: AdminService) { }
         ‚ïµ                       [32m~~~~~~~~~~~~[0m

  This type does not have a value, so it cannot be used as injection token.

    src/app/features/dashboard/director/director.component.ts:23:36:
[37m      23 ‚îÇ   constructor(private adminService: [32mAdminService[37m) { }
         ‚ïµ                                     [32m~~~~~~~~~~~~[0m


[31m‚úò [41;31m[[41;97mERROR[41;31m][0m [1mTS7006: Parameter 'data' implicitly has an 'any' type.[0m [1m[35m[plugin angular-compiler][0m

    src/app/features/dashboard/director/director.component.ts:31:13:
[37m      31 ‚îÇ       next: ([32mdata[37m) => this.ceos = data,
         ‚ïµ              [32m~~~~[0m


[31m‚úò [41;31m[[41;97mERROR[41;31m][0m [1mTS7006: Parameter 'err' implicitly has an 'any' type.[0m [1m[35m[plugin angular-compiler][0m

    src/app/features/dashboard/director/director.component.ts:32:14:
[37m      32 ‚îÇ       error: ([32merr[37m) => console.error('Error loading CEOs', err)
         ‚ïµ               [32m~~~[0m


[31m‚úò [41;31m[[41;97mERROR[41;31m][0m [1mTS7006: Parameter 'response' implicitly has an 'any' type.[0m [1m[35m[plugin angular-compiler][0m

    src/app/features/dashboard/director/director.component.ts:42:13:
[37m      42 ‚îÇ       next: ([32mresponse[37m) => {
         ‚ïµ              [32m~~~~~~~~[0m


[31m‚úò [41;31m[[41;97mERROR[41;31m][0m [1mTS7006: Parameter 'err' implicitly has an 'any' type.[0m [1m[35m[plugin angular-compiler][0m

    src/app/features/dashboard/director/director.component.ts:47:14:
[37m      47 ‚îÇ       error: ([32merr[37m) => {
         ‚ïµ               [32m~~~[0m


‚ùØ Changes detected. Rebuilding...
‚úî Changes detected. Rebuilding...
Application bundle generation failed. [0.133 seconds]

[31m‚úò [41;31m[[41;97mERROR[41;31m][0m [1mTS2307: Cannot find module '../../../../core/services/management.service' or its corresponding type declarations.[0m [1m[35m[plugin angular-compiler][0m

    src/app/features/dashboard/ceo/ceo.component.ts:5:34:
[37m      5 ‚îÇ ...ementService } from [32m'../../../../core/services/management.service'[37m;
        ‚ïµ                        [32m~~~~~~~~~~~~~~~~~~~~~~~~~~~~~~~~~~~~~~~~~~~~~~[0m


[31m‚úò [41;31m[[41;97mERROR[41;31m][0m [1mTS-992003: No suitable injection token for parameter 'managementService' of class 'CeoComponent'.
  Consider using the @Inject decorator to specify an injection token.[0m [1m[35m[plugin angular-compiler][0m

    src/app/features/dashboard/ceo/ceo.component.ts:34:22:
[37m      34 ‚îÇ   constructor(private [32mmanagementService[37m: ManagementService) { }
         ‚ïµ                       [32m~~~~~~~~~~~~~~~~~[0m

  This type does not have a value, so it cannot be used as injection token.

    src/app/features/dashboard/ceo/ceo.component.ts:34:41:
[37m      34 ‚îÇ   constructor(private managementService: [32mManagementService[37m) { }
         ‚ïµ                                          [32m~~~~~~~~~~~~~~~~~[0m


[31m‚úò [41;31m[[41;97mERROR[41;31m][0m [1mTS7006: Parameter 'data' implicitly has an 'any' type.[0m [1m[35m[plugin angular-compiler][0m

    src/app/features/dashboard/ceo/ceo.component.ts:50:13:
[37m      50 ‚îÇ       next: ([32mdata[37m) => this.restaurantes = data,
         ‚ïµ              [32m~~~~[0m


[31m‚úò [41;31m[[41;97mERROR[41;31m][0m [1mTS7006: Parameter 'err' implicitly has an 'any' type.[0m [1m[35m[plugin angular-compiler][0m

    src/app/features/dashboard/ceo/ceo.component.ts:51:14:
[37m      51 ‚îÇ       error: ([32merr[37m) => console.error(err)
         ‚ïµ               [32m~~~[0m


[31m‚úò [41;31m[[41;97mERROR[41;31m][0m [1mTS7006: Parameter 'res' implicitly has an 'any' type.[0m [1m[35m[plugin angular-compiler][0m

    src/app/features/dashboard/ceo/ceo.component.ts:90:13:
[37m      90 ‚îÇ       next: ([32mres[37m) => {
         ‚ïµ              [32m~~~[0m


[31m‚úò [41;31m[[41;97mERROR[41;31m][0m [1mTS7006: Parameter 'err' implicitly has an 'any' type.[0m [1m[35m[plugin angular-compiler][0m

    src/app/features/dashboard/ceo/ceo.component.ts:98:14:
[37m      98 ‚îÇ       error: ([32merr[37m) => alert('Error al crear restaurante')
         ‚ïµ               [32m~~~[0m


[31m‚úò [41;31m[[41;97mERROR[41;31m][0m [1mTS2307: Cannot find module '../../../../core/services/admin.service' or its corresponding type declarations.[0m [1m[35m[plugin angular-compiler][0m

    src/app/features/dashboard/director/director.component.ts:4:29:
[37m      4 ‚îÇ ...rt { AdminService } from [32m'../../../../core/services/admin.service'[37m;
        ‚ïµ                             [32m~~~~~~~~~~~~~~~~~~~~~~~~~~~~~~~~~~~~~~~~~[0m


[31m‚úò [41;31m[[41;97mERROR[41;31m][0m [1mTS-992003: No suitable injection token for parameter 'adminService' of class 'DirectorComponent'.
  Consider using the @Inject decorator to specify an injection token.[0m [1m[35m[plugin angular-compiler][0m

    src/app/features/dashboard/director/director.component.ts:23:22:
[37m      23 ‚îÇ   constructor(private [32madminService[37m: AdminService) { }
         ‚ïµ                       [32m~~~~~~~~~~~~[0m

  This type does not have a value, so it cannot be used as injection token.

    src/app/features/dashboard/director/director.component.ts:23:36:
[37m      23 ‚îÇ   constructor(private adminService: [32mAdminService[37m) { }
         ‚ïµ                                     [32m~~~~~~~~~~~~[0m


[31m‚úò [41;31m[[41;97mERROR[41;31m][0m [1mTS7006: Parameter 'data' implicitly has an 'any' type.[0m [1m[35m[plugin angular-compiler][0m

    src/app/features/dashboard/director/director.component.ts:31:13:
[37m      31 ‚îÇ       next: ([32mdata[37m) => this.ceos = data,
         ‚ïµ              [32m~~~~[0m


[31m‚úò [41;31m[[41;97mERROR[41;31m][0m [1mTS7006: Parameter 'err' implicitly has an 'any' type.[0m [1m[35m[plugin angular-compiler][0m

    src/app/features/dashboard/director/director.component.ts:32:14:
[37m      32 ‚îÇ       error: ([32merr[37m) => console.error('Error loading CEOs', err)
         ‚ïµ               [32m~~~[0m


[31m‚úò [41;31m[[41;97mERROR[41;31m][0m [1mTS7006: Parameter 'response' implicitly has an 'any' type.[0m [1m[35m[plugin angular-compiler][0m

    src/app/features/dashboard/director/director.component.ts:42:13:
[37m      42 ‚îÇ       next: ([32mresponse[37m) => {
         ‚ïµ              [32m~~~~~~~~[0m


[31m‚úò [41;31m[[41;97mERROR[41;31m][0m [1mTS7006: Parameter 'err' implicitly has an 'any' type.[0m [1m[35m[plugin angular-compiler][0m

    src/app/features/dashboard/director/director.component.ts:47:14:
[37m      47 ‚îÇ       error: ([32merr[37m) => {
         ‚ïµ               [32m~~~[0m


‚ùØ Changes detected. Rebuilding...
‚úî Changes detected. Rebuilding...
Application bundle generation failed. [1.037 seconds]

[31m‚úò [41;31m[[41;97mERROR[41;31m][0m [1mTS2307: Cannot find module '../../../../core/services/admin.service' or its corresponding type declarations.[0m [1m[35m[plugin angular-compiler][0m

    src/app/features/dashboard/director/director.component.ts:4:29:
[37m      4 ‚îÇ ...rt { AdminService } from [32m'../../../../core/services/admin.service'[37m;
        ‚ïµ                             [32m~~~~~~~~~~~~~~~~~~~~~~~~~~~~~~~~~~~~~~~~~[0m


[31m‚úò [41;31m[[41;97mERROR[41;31m][0m [1mTS-992003: No suitable injection token for parameter 'adminService' of class 'DirectorComponent'.
  Consider using the @Inject decorator to specify an injection token.[0m [1m[35m[plugin angular-compiler][0m

    src/app/features/dashboard/director/director.component.ts:23:22:
[37m      23 ‚îÇ   constructor(private [32madminService[37m: AdminService) { }
         ‚ïµ                       [32m~~~~~~~~~~~~[0m

  This type does not have a value, so it cannot be used as injection token.

    src/app/features/dashboard/director/director.component.ts:23:36:
[37m      23 ‚îÇ   constructor(private adminService: [32mAdminService[37m) { }
         ‚ïµ                                     [32m~~~~~~~~~~~~[0m


[31m‚úò [41;31m[[41;97mERROR[41;31m][0m [1mTS7006: Parameter 'data' implicitly has an 'any' type.[0m [1m[35m[plugin angular-compiler][0m

    src/app/features/dashboard/director/director.component.ts:31:13:
[37m      31 ‚îÇ       next: ([32mdata[37m) => this.ceos = data,
         ‚ïµ              [32m~~~~[0m


[31m‚úò [41;31m[[41;97mERROR[41;31m][0m [1mTS7006: Parameter 'err' implicitly has an 'any' type.[0m [1m[35m[plugin angular-compiler][0m

    src/app/features/dashboard/director/director.component.ts:32:14:
[37m      32 ‚îÇ       error: ([32merr[37m) => console.error('Error loading CEOs', err)
         ‚ïµ               [32m~~~[0m


[31m‚úò [41;31m[[41;97mERROR[41;31m][0m [1mTS7006: Parameter 'response' implicitly has an 'any' type.[0m [1m[35m[plugin angular-compiler][0m

    src/app/features/dashboard/director/director.component.ts:42:13:
[37m      42 ‚îÇ       next: ([32mresponse[37m) => {
         ‚ïµ              [32m~~~~~~~~[0m


[31m‚úò [41;31m[[41;97mERROR[41;31m][0m [1mTS7006: Parameter 'err' implicitly has an 'any' type.[0m [1m[35m[plugin angular-compiler][0m

    src/app/features/dashboard/director/director.component.ts:47:14:
[37m      47 ‚îÇ       error: ([32merr[37m) => {
         ‚ïµ               [32m~~~[0m


‚ùØ Changes detected. Rebuilding...
‚úî Changes detected. Rebuilding...
Initial chunk files | Names                     |  Raw size
polyfills.js        | polyfills                 |  90.20 kB | 
styles.css          | styles                    |  34.46 kB | 
main.js             | main                      |  13.71 kB | 
chunk-FPBQ2DO2.js   | -                         |   2.64 kB | 

                    | Initial total             | 141.00 kB

Lazy chunk files    | Names                     |  Raw size
chunk-CAGCE5FR.js   | home-component            |  33.10 kB | 
chunk-HXUHGXDY.js   | register-component        |  23.34 kB | 
chunk-IPVTGZTN.js   | ceo-component             |  22.61 kB | 
chunk-YYQ3PI75.js   | director-component        |  11.99 kB | 
chunk-7WLERCAW.js   | login-component           |  11.89 kB | 
chunk-TOOFNRC2.js   | landing-page-component    |  10.20 kB | 
chunk-AIRGUS7Y.js   | verify-email-component    |   9.33 kB | 
chunk-WJAWUOV3.js   | forgot-password-component |   8.12 kB | 
chunk-2BSYCNTS.js   | profile-component         |   3.93 kB | 
chunk-IOSNZ7MY.js   | employee-component        |   1.83 kB | 

Application bundle generation complete. [1.435 seconds]

Page reload sent to client(s).
‚ùØ Changes detected. Rebuilding...
‚úî Changes detected. Rebuilding...

No output file changes.

Application bundle generation complete. [0.618 seconds]

‚ùØ Changes detected. Rebuilding...
‚úî Changes detected. Rebuilding...
Initial chunk files | Names         | Raw size
main.js             | main          | 13.71 kB | 

Lazy chunk files    | Names         | Raw size
chunk-IQ6XHGJF.js   | ceo-component | 23.78 kB | 

Application bundle generation complete. [0.537 seconds]

Page reload sent to client(s).
‚ùØ Changes detected. Rebuilding...
‚úî Changes detected. Rebuilding...

No output file changes.

Application bundle generation complete. [0.529 seconds]

‚ùØ Changes detected. Rebuilding...
‚úî Changes detected. Rebuilding...
Application bundle generation failed. [0.703 seconds]

[31m‚úò [41;31m[[41;97mERROR[41;31m][0m [1mNG5002: Incomplete block "dominio". If you meant to write the @ character, you should use the "&#64;" HTML entity instead.[0m [1m[35m[plugin angular-compiler][0m

    src/app/features/public/login/login.component.ts:54:130:
[37m      54 ‚îÇ ...r un correo electr√≥nico v√°lido (ej: usuar[32mio@domin[37mio.com).</span>
         ‚ïµ                                             [32m~~~~~~~~[0m


‚ùØ Changes detected. Rebuilding...
‚úî Changes detected. Rebuilding...
Application bundle generation failed. [0.662 seconds]

[31m‚úò [41;31m[[41;97mERROR[41;31m][0m [1mNG5002: Incomplete block "dominio". If you meant to write the @ character, you should use the "&#64;" HTML entity instead.[0m [1m[35m[plugin angular-compiler][0m

    src/app/features/public/login/login.component.ts:54:130:
[37m      54 ‚îÇ ...r un correo electr√≥nico v√°lido (ej: usuar[32mio@domin[37mio.com).</span>
         ‚ïµ                                             [32m~~~~~~~~[0m


‚ùØ Changes detected. Rebuilding...
‚úî Changes detected. Rebuilding...
Initial chunk files | Names                     |  Raw size
polyfills.js        | polyfills                 |  90.20 kB | 
styles.css          | styles                    |  34.46 kB | 
main.js             | main                      |  13.71 kB | 
chunk-FPBQ2DO2.js   | -                         |   2.64 kB | 

                    | Initial total             | 141.00 kB

Lazy chunk files    | Names                     |  Raw size
chunk-CAGCE5FR.js   | home-component            |  33.10 kB | 
chunk-IQ6XHGJF.js   | ceo-component             |  23.78 kB | 
chunk-HXUHGXDY.js   | register-component        |  23.34 kB | 
chunk-AE65F637.js   | login-component           |  15.88 kB | 
chunk-YYQ3PI75.js   | director-component        |  11.99 kB | 
chunk-TOOFNRC2.js   | landing-page-component    |  10.20 kB | 
chunk-AIRGUS7Y.js   | verify-email-component    |   9.33 kB | 
chunk-WJAWUOV3.js   | forgot-password-component |   8.12 kB | 
chunk-2BSYCNTS.js   | profile-component         |   3.93 kB | 
chunk-IOSNZ7MY.js   | employee-component        |   1.83 kB | 

Application bundle generation complete. [1.080 seconds]

Page reload sent to client(s).
‚ùØ Changes detected. Rebuilding...
‚úî Changes detected. Rebuilding...

No output file changes.

Application bundle generation complete. [2.389 seconds]

‚ùØ Changes detected. Rebuilding...
‚úî Changes detected. Rebuilding...

No output file changes.

Application bundle generation complete. [0.374 seconds]

‚ùØ Changes detected. Rebuilding...
‚úî Changes detected. Rebuilding...
Initial chunk files | Names                  | Raw size
main.js             | main                   | 13.71 kB | 

Lazy chunk files    | Names                  | Raw size
chunk-F2YNT7OA.js   | landing-page-component | 10.15 kB | 

Application bundle generation complete. [0.816 seconds]

Page reload sent to client(s).
‚ùØ Changes detected. Rebuilding...
‚úî Changes detected. Rebuilding...
Initial chunk files | Names           | Raw size
main.js             | main            | 13.71 kB | 

Lazy chunk files    | Names           | Raw size
chunk-BG5QQ7XM.js   | login-component | 16.26 kB | 

Application bundle generation complete. [0.995 seconds]

Page reload sent to client(s).
‚ùØ Changes detected. Rebuilding...
‚úî Changes detected. Rebuilding...
Initial chunk files | Names         | Raw size
main.js             | main          | 13.71 kB | 

Lazy chunk files    | Names         | Raw size
chunk-2QY3TR3N.js   | ceo-component | 26.79 kB | 

Application bundle generation complete. [1.104 seconds]

Page reload sent to client(s).
‚ùØ Changes detected. Rebuilding...
‚úî Changes detected. Rebuilding...
Initial chunk files | Names         | Raw size
styles.css          | styles        | 35.28 kB | 
main.js             | main          | 13.71 kB | 

Lazy chunk files    | Names         | Raw size
chunk-N7EEVULC.js   | ceo-component | 44.91 kB | 

Application bundle generation complete. [1.403 seconds]

Page reload sent to client(s).
‚ùØ Changes detected. Rebuilding...
‚úî Changes detected. Rebuilding...
Initial chunk files | Names         | Raw size
main.js             | main          | 13.71 kB | 

Lazy chunk files    | Names         | Raw size
chunk-HKVHPXVU.js   | ceo-component | 45.08 kB | 

Application bundle generation complete. [1.038 seconds]

Page reload sent to client(s).
‚ùØ Changes detected. Rebuilding...
‚úî Changes detected. Rebuilding...
Initial chunk files | Names              | Raw size
main.js             | main               | 13.71 kB | 

Lazy chunk files    | Names              | Raw size
chunk-BIJ5UEV3.js   | ceo-component      | 41.70 kB | 
chunk-3WWGXHW4.js   | employee-component |  5.68 kB | 
chunk-TTE27GWQ.js   | -                  |  3.02 kB | 

Application bundle generation complete. [0.446 seconds]

Page reload sent to client(s).
‚ùØ Changes detected. Rebuilding...
‚úî Changes detected. Rebuilding...
Initial chunk files | Names              | Raw size
styles.css          | styles             | 35.90 kB | 
main.js             | main               | 13.71 kB | 

Lazy chunk files    | Names              | Raw size
chunk-OBCD5E7B.js   | employee-component | 21.12 kB | 

Application bundle generation complete. [0.626 seconds]

Page reload sent to client(s).
‚ùØ Changes detected. Rebuilding...
‚úî Changes detected. Rebuilding...
Initial chunk files | Names              | Raw size
main.js             | main               | 13.71 kB | 

Lazy chunk files    | Names              | Raw size
chunk-GXW3RP7D.js   | home-component     | 33.87 kB | 
chunk-PKEAWSRT.js   | employee-component | 19.45 kB | 
chunk-TVJK6YYL.js   | -                  |  1.53 kB | 

Application bundle generation complete. [2.274 seconds]

Page reload sent to client(s).
‚ùØ Changes detected. Rebuilding...
‚úî Changes detected. Rebuilding...
Initial chunk files | Names          | Raw size
main.js             | main           | 13.71 kB | 

Lazy chunk files    | Names          | Raw size
chunk-HHQFD75B.js   | home-component | 34.57 kB | 

Application bundle generation complete. [0.852 seconds]

Page reload sent to client(s).
‚ùØ Changes detected. Rebuilding...
‚úî Changes detected. Rebuilding...
Initial chunk files | Names          | Raw size
main.js             | main           | 13.71 kB | 

Lazy chunk files    | Names          | Raw size
chunk-7ZA2VAXO.js   | home-component | 42.72 kB | 

Application bundle generation complete. [0.931 seconds]

Page reload sent to client(s).
‚ùØ Changes detected. Rebuilding...
‚úî Changes detected. Rebuilding...
Application bundle generation failed. [1.083 seconds]

[31m‚úò [41;31m[[41;97mERROR[41;31m][0m [1mTS-992003: No suitable injection token for parameter 'userService' of class 'ProfileComponent'.
  Consider using the @Inject decorator to specify an injection token.[0m [1m[35m[plugin angular-compiler][0m

    src/app/features/profile/profile.component.ts:18:12:
[37m      18 ‚îÇ     private [32muserService[37m: UserService,
         ‚ïµ             [32m~~~~~~~~~~~[0m

  This type does not have a value, so it cannot be used as injection token.

    src/app/features/profile/profile.component.ts:18:25:
[37m      18 ‚îÇ     private userService: [32mUserService[37m,
         ‚ïµ                          [32m~~~~~~~~~~~[0m


[31m‚úò [41;31m[[41;97mERROR[41;31m][0m [1mTS2304: Cannot find name 'UserService'.[0m [1m[35m[plugin angular-compiler][0m

    src/app/features/profile/profile.component.ts:18:25:
[37m      18 ‚îÇ     private userService: [32mUserService[37m,
         ‚ïµ                          [32m~~~~~~~~~~~[0m


[31m‚úò [41;31m[[41;97mERROR[41;31m][0m [1mTS2304: Cannot find name 'ReservationService'.[0m [1m[35m[plugin angular-compiler][0m

    src/app/features/profile/profile.component.ts:19:32:
[37m      19 ‚îÇ     private reservationService: [32mReservationService[37m,
         ‚ïµ                                 [32m~~~~~~~~~~~~~~~~~~[0m


[31m‚úò [41;31m[[41;97mERROR[41;31m][0m [1mTS2304: Cannot find name 'AuthService'.[0m [1m[35m[plugin angular-compiler][0m

    src/app/features/profile/profile.component.ts:20:25:
[37m      20 ‚îÇ     private authService: [32mAuthService[37m
         ‚ïµ                          [32m~~~~~~~~~~~[0m


[31m‚úò [41;31m[[41;97mERROR[41;31m][0m [1mTS7006: Parameter 'res' implicitly has an 'any' type.[0m [1m[35m[plugin angular-compiler][0m

    src/app/features/profile/profile.component.ts:30:13:
[37m      30 ‚îÇ       next: ([32mres[37m) => {
         ‚ïµ              [32m~~~[0m


[31m‚úò [41;31m[[41;97mERROR[41;31m][0m [1mTS7006: Parameter 'err' implicitly has an 'any' type.[0m [1m[35m[plugin angular-compiler][0m

    src/app/features/profile/profile.component.ts:34:14:
[37m      34 ‚îÇ       error: ([32merr[37m) => console.error(err)
         ‚ïµ               [32m~~~[0m


[31m‚úò [41;31m[[41;97mERROR[41;31m][0m [1mTS7006: Parameter 'res' implicitly has an 'any' type.[0m [1m[35m[plugin angular-compiler][0m

    src/app/features/profile/profile.component.ts:40:13:
[37m      40 ‚îÇ       next: ([32mres[37m) => this.reservations = res,
         ‚ïµ              [32m~~~[0m


[31m‚úò [41;31m[[41;97mERROR[41;31m][0m [1mTS7006: Parameter 'err' implicitly has an 'any' type.[0m [1m[35m[plugin angular-compiler][0m

    src/app/features/profile/profile.component.ts:41:14:
[37m      41 ‚îÇ       error: ([32merr[37m) => console.error(err)
         ‚ïµ               [32m~~~[0m


[31m‚úò [41;31m[[41;97mERROR[41;31m][0m [1mTS7006: Parameter 'res' implicitly has an 'any' type.[0m [1m[35m[plugin angular-compiler][0m

    src/app/features/profile/profile.component.ts:67:13:
[37m      67 ‚îÇ       next: ([32mres[37m) => {
         ‚ïµ              [32m~~~[0m


[31m‚úò [41;31m[[41;97mERROR[41;31m][0m [1mTS7006: Parameter 'err' implicitly has an 'any' type.[0m [1m[35m[plugin angular-compiler][0m

    src/app/features/profile/profile.component.ts:72:14:
[37m      72 ‚îÇ       error: ([32merr[37m) => alert('Error al actualizar perfil')
         ‚ïµ               [32m~~~[0m


‚ùØ Changes detected. Rebuilding...
‚úî Changes detected. Rebuilding...
Initial chunk files | Names                     |  Raw size
polyfills.js        | polyfills                 |  90.20 kB | 
styles.css          | styles                    |  35.93 kB | 
main.js             | main                      |  13.74 kB | 
chunk-FPBQ2DO2.js   | -                         |   2.64 kB | 
chunk-YQOESBWP.js   | -                         | 754 bytes | 

                    | Initial total             | 143.25 kB

Lazy chunk files    | Names                     |  Raw size
chunk-OTDAYQBB.js   | home-component            |  42.75 kB | 
chunk-RRJCYAEZ.js   | ceo-component             |  41.73 kB | 
chunk-ACZGVTSU.js   | register-component        |  23.37 kB | 
chunk-TB5CRG7K.js   | employee-component        |  19.48 kB | 
chunk-GTWK7YBI.js   | login-component           |  16.29 kB | 
chunk-ZJTAIX5D.js   | director-component        |  12.02 kB | 
chunk-ESGCZ4HX.js   | landing-page-component    |  10.18 kB | 
chunk-DVRG4VBL.js   | verify-email-component    |   9.36 kB | 
chunk-2OXDLMYW.js   | forgot-password-component |   8.15 kB | 
chunk-W343NLCL.js   | profile-component         |   6.62 kB | 
chunk-TTE27GWQ.js   | -                         |   3.02 kB | 
chunk-TVJK6YYL.js   | -                         |   1.53 kB | 

Application bundle generation complete. [0.476 seconds]

Page reload sent to client(s).
‚ùØ Changes detected. Rebuilding...
‚úî Changes detected. Rebuilding...
Application bundle generation failed. [0.281 seconds]

[31m‚úò [41;31m[[41;97mERROR[41;31m][0m [1mNG8002: Can't bind to 'ngModel' since it isn't a known property of 'input'.[0m [1m[35m[plugin angular-compiler][0m

    src/app/features/profile/profile.component.html:64:23:
[37m      64 ‚îÇ ...         <input [32m[(ngModel)]="updatedUser.nombre"[37m class="input-f...
         ‚ïµ                    [32m~~~~~~~~~~~~~~~~~~~~~~~~~~~~~~~~[0m

  Error occurs in the template of component ProfileComponent.

    src/app/features/profile/profile.component.ts:12:15:
[37m      12 ‚îÇ   templateUrl: [32m'./profile.component.html'[37m,
         ‚ïµ                [32m~~~~~~~~~~~~~~~~~~~~~~~~~~[0m


[31m‚úò [41;31m[[41;97mERROR[41;31m][0m [1mNG8002: Can't bind to 'ngModel' since it isn't a known property of 'input'.[0m [1m[35m[plugin angular-compiler][0m

    src/app/features/profile/profile.component.html:68:23:
[37m      68 ‚îÇ ...        <input [32m[(ngModel)]="updatedUser.telefono"[37m class="input-...
         ‚ïµ                   [32m~~~~~~~~~~~~~~~~~~~~~~~~~~~~~~~~~~[0m

  Error occurs in the template of component ProfileComponent.

    src/app/features/profile/profile.component.ts:12:15:
[37m      12 ‚îÇ   templateUrl: [32m'./profile.component.html'[37m,
         ‚ïµ                [32m~~~~~~~~~~~~~~~~~~~~~~~~~~[0m


[31m‚úò [41;31m[[41;97mERROR[41;31m][0m [1mNG8002: Can't bind to 'ngModel' since it isn't a known property of 'input'.[0m [1m[35m[plugin angular-compiler][0m

    src/app/features/profile/profile.component.html:72:23:
[37m      72 ‚îÇ ...       <input [32m[(ngModel)]="updatedUser.alergenos"[37m placeholder="...
         ‚ïµ                  [32m~~~~~~~~~~~~~~~~~~~~~~~~~~~~~~~~~~~[0m

  Error occurs in the template of component ProfileComponent.

    src/app/features/profile/profile.component.ts:12:15:
[37m      12 ‚îÇ   templateUrl: [32m'./profile.component.html'[37m,
         ‚ïµ                [32m~~~~~~~~~~~~~~~~~~~~~~~~~~[0m


‚ùØ Changes detected. Rebuilding...
‚úî Changes detected. Rebuilding...
Application bundle generation failed. [0.650 seconds]

[31m‚úò [41;31m[[41;97mERROR[41;31m][0m [1mNG8002: Can't bind to 'ngModel' since it isn't a known property of 'input'.[0m [1m[35m[plugin angular-compiler][0m

    src/app/features/profile/profile.component.html:64:23:
[37m      64 ‚îÇ ...         <input [32m[(ngModel)]="updatedUser.nombre"[37m class="input-f...
         ‚ïµ                    [32m~~~~~~~~~~~~~~~~~~~~~~~~~~~~~~~~[0m

  Error occurs in the template of component ProfileComponent.

    src/app/features/profile/profile.component.ts:12:15:
[37m      12 ‚îÇ   templateUrl: [32m'./profile.component.html'[37m,
         ‚ïµ                [32m~~~~~~~~~~~~~~~~~~~~~~~~~~[0m


[31m‚úò [41;31m[[41;97mERROR[41;31m][0m [1mNG8002: Can't bind to 'ngModel' since it isn't a known property of 'input'.[0m [1m[35m[plugin angular-compiler][0m

    src/app/features/profile/profile.component.html:68:23:
[37m      68 ‚îÇ ...        <input [32m[(ngModel)]="updatedUser.telefono"[37m class="input-...
         ‚ïµ                   [32m~~~~~~~~~~~~~~~~~~~~~~~~~~~~~~~~~~[0m

  Error occurs in the template of component ProfileComponent.

    src/app/features/profile/profile.component.ts:12:15:
[37m      12 ‚îÇ   templateUrl: [32m'./profile.component.html'[37m,
         ‚ïµ                [32m~~~~~~~~~~~~~~~~~~~~~~~~~~[0m


[31m‚úò [41;31m[[41;97mERROR[41;31m][0m [1mNG8002: Can't bind to 'ngModel' since it isn't a known property of 'input'.[0m [1m[35m[plugin angular-compiler][0m

    src/app/features/profile/profile.component.html:72:23:
[37m      72 ‚îÇ ...       <input [32m[(ngModel)]="updatedUser.alergenos"[37m placeholder="...
         ‚ïµ                  [32m~~~~~~~~~~~~~~~~~~~~~~~~~~~~~~~~~~~[0m

  Error occurs in the template of component ProfileComponent.

    src/app/features/profile/profile.component.ts:12:15:
[37m      12 ‚îÇ   templateUrl: [32m'./profile.component.html'[37m,
         ‚ïµ                [32m~~~~~~~~~~~~~~~~~~~~~~~~~~[0m


‚ùØ Changes detected. Rebuilding...
‚úî Changes detected. Rebuilding...
Application bundle generation failed. [0.248 seconds]

[31m‚úò [41;31m[[41;97mERROR[41;31m][0m [1mNG8002: Can't bind to 'ngModel' since it isn't a known property of 'input'.[0m [1m[35m[plugin angular-compiler][0m

    src/app/features/profile/profile.component.html:64:23:
[37m      64 ‚îÇ ...         <input [32m[(ngModel)]="updatedUser.nombre"[37m class="input-f...
         ‚ïµ                    [32m~~~~~~~~~~~~~~~~~~~~~~~~~~~~~~~~[0m

  Error occurs in the template of component ProfileComponent.

    src/app/features/profile/profile.component.ts:12:15:
[37m      12 ‚îÇ   templateUrl: [32m'./profile.component.html'[37m,
         ‚ïµ                [32m~~~~~~~~~~~~~~~~~~~~~~~~~~[0m


[31m‚úò [41;31m[[41;97mERROR[41;31m][0m [1mNG8002: Can't bind to 'ngModel' since it isn't a known property of 'input'.[0m [1m[35m[plugin angular-compiler][0m

    src/app/features/profile/profile.component.html:68:23:
[37m      68 ‚îÇ ...        <input [32m[(ngModel)]="updatedUser.telefono"[37m class="input-...
         ‚ïµ                   [32m~~~~~~~~~~~~~~~~~~~~~~~~~~~~~~~~~~[0m

  Error occurs in the template of component ProfileComponent.

    src/app/features/profile/profile.component.ts:12:15:
[37m      12 ‚îÇ   templateUrl: [32m'./profile.component.html'[37m,
         ‚ïµ                [32m~~~~~~~~~~~~~~~~~~~~~~~~~~[0m


[31m‚úò [41;31m[[41;97mERROR[41;31m][0m [1mNG8002: Can't bind to 'ngModel' since it isn't a known property of 'input'.[0m [1m[35m[plugin angular-compiler][0m

    src/app/features/profile/profile.component.html:72:23:
[37m      72 ‚îÇ ...       <input [32m[(ngModel)]="updatedUser.alergenos"[37m placeholder="...
         ‚ïµ                  [32m~~~~~~~~~~~~~~~~~~~~~~~~~~~~~~~~~~~[0m

  Error occurs in the template of component ProfileComponent.

    src/app/features/profile/profile.component.ts:12:15:
[37m      12 ‚îÇ   templateUrl: [32m'./profile.component.html'[37m,
         ‚ïµ                [32m~~~~~~~~~~~~~~~~~~~~~~~~~~[0m


‚ùØ Changes detected. Rebuilding...
‚úî Changes detected. Rebuilding...
Initial chunk files | Names                     |  Raw size
polyfills.js        | polyfills                 |  90.20 kB | 
styles.css          | styles                    |  36.03 kB | 
main.js             | main                      |  13.74 kB | 
chunk-FPBQ2DO2.js   | -                         |   2.64 kB | 
chunk-YQOESBWP.js   | -                         | 754 bytes | 

                    | Initial total             | 143.36 kB

Lazy chunk files    | Names                     |  Raw size
chunk-OTDAYQBB.js   | home-component            |  42.75 kB | 
chunk-RRJCYAEZ.js   | ceo-component             |  41.73 kB | 
chunk-ACZGVTSU.js   | register-component        |  23.37 kB | 
chunk-TB5CRG7K.js   | employee-component        |  19.48 kB | 
chunk-GTWK7YBI.js   | login-component           |  16.29 kB | 
chunk-JTBWET2A.js   | profile-component         |  16.20 kB | 
chunk-ZJTAIX5D.js   | director-component        |  12.02 kB | 
chunk-ESGCZ4HX.js   | landing-page-component    |  10.18 kB | 
chunk-DVRG4VBL.js   | verify-email-component    |   9.36 kB | 
chunk-2OXDLMYW.js   | forgot-password-component |   8.15 kB | 
chunk-TTE27GWQ.js   | -                         |   3.02 kB | 
chunk-TVJK6YYL.js   | -                         |   1.53 kB | 

Application bundle generation complete. [0.517 seconds]

Page reload sent to client(s).
‚ùØ Changes detected. Rebuilding...
‚úî Changes detected. Rebuilding...

No output file changes.

Application bundle generation complete. [1.113 seconds]

‚ùØ Changes detected. Rebuilding...
‚úî Changes detected. Rebuilding...

No output file changes.

Application bundle generation complete. [0.474 seconds]

‚ùØ Changes detected. Rebuilding...
‚úî Changes detected. Rebuilding...
Initial chunk files | Names              | Raw size
main.js             | main               | 13.74 kB | 

Lazy chunk files    | Names              | Raw size
chunk-W6T4BKP5.js   | director-component | 12.44 kB | 

Application bundle generation complete. [0.474 seconds]

Page reload sent to client(s).
‚ùØ Changes detected. Rebuilding...
‚úî Changes detected. Rebuilding...

No output file changes.

Application bundle generation complete. [0.500 seconds]

‚ùØ Changes detected. Rebuilding...
‚úî Changes detected. Rebuilding...

No output file changes.

Application bundle generation complete. [0.256 seconds]

‚ùØ Changes detected. Rebuilding...
‚úî Changes detected. Rebuilding...
Application bundle generation failed. [1.816 seconds]

[31m‚úò [41;31m[[41;97mERROR[41;31m][0m [1mTS2304: Cannot find name 'Component'.[0m [1m[35m[plugin angular-compiler][0m

    src/app/features/dashboard/director/director.component.ts:4:1:
[37m      4 ‚îÇ @[32mComponent[37m({
        ‚ïµ  [32m~~~~~~~~~[0m


[31m‚úò [41;31m[[41;97mERROR[41;31m][0m [1mTS2304: Cannot find name 'CommonModule'.[0m [1m[35m[plugin angular-compiler][0m

    src/app/features/dashboard/director/director.component.ts:7:12:
[37m      7 ‚îÇ   imports: [[32mCommonModule[37m, FormsModule, UserManagementComponent, Adm...
        ‚ïµ             [32m~~~~~~~~~~~~[0m


[31m‚úò [41;31m[[41;97mERROR[41;31m][0m [1mTS2304: Cannot find name 'FormsModule'.[0m [1m[35m[plugin angular-compiler][0m

    src/app/features/dashboard/director/director.component.ts:7:26:
[37m      7 ‚îÇ   imports: [CommonModule, [32mFormsModule[37m, UserManagementComponent, Adm...
        ‚ïµ                           [32m~~~~~~~~~~~[0m


[31m‚úò [41;31m[[41;97mERROR[41;31m][0m [1mTS2304: Cannot find name 'OnInit'.[0m [1m[35m[plugin angular-compiler][0m

    src/app/features/dashboard/director/director.component.ts:11:42:
[37m      11 ‚îÇ export class DirectorComponent implements [32mOnInit[37m {
         ‚ïµ                                           [32m~~~~~~[0m


[31m‚úò [41;31m[[41;97mERROR[41;31m][0m [1mTS2304: Cannot find name 'AdminService'.[0m [1m[35m[plugin angular-compiler][0m

    src/app/features/dashboard/director/director.component.ts:23:36:
[37m      23 ‚îÇ   constructor(private adminService: [32mAdminService[37m) { }
         ‚ïµ                                     [32m~~~~~~~~~~~~[0m


‚ùØ Changes detected. Rebuilding...
‚úî Changes detected. Rebuilding...
Application bundle generation failed. [0.465 seconds]

[31m‚úò [41;31m[[41;97mERROR[41;31m][0m [1mTS2304: Cannot find name 'Component'.[0m [1m[35m[plugin angular-compiler][0m

    src/app/features/dashboard/director/director.component.ts:4:1:
[37m      4 ‚îÇ @[32mComponent[37m({
        ‚ïµ  [32m~~~~~~~~~[0m


[31m‚úò [41;31m[[41;97mERROR[41;31m][0m [1mTS2304: Cannot find name 'CommonModule'.[0m [1m[35m[plugin angular-compiler][0m

    src/app/features/dashboard/director/director.component.ts:7:12:
[37m      7 ‚îÇ   imports: [[32mCommonModule[37m, FormsModule, UserManagementComponent, Adm...
        ‚ïµ             [32m~~~~~~~~~~~~[0m


[31m‚úò [41;31m[[41;97mERROR[41;31m][0m [1mTS2304: Cannot find name 'FormsModule'.[0m [1m[35m[plugin angular-compiler][0m

    src/app/features/dashboard/director/director.component.ts:7:26:
[37m      7 ‚îÇ   imports: [CommonModule, [32mFormsModule[37m, UserManagementComponent, Adm...
        ‚ïµ                           [32m~~~~~~~~~~~[0m


[31m‚úò [41;31m[[41;97mERROR[41;31m][0m [1mTS2304: Cannot find name 'OnInit'.[0m [1m[35m[plugin angular-compiler][0m

    src/app/features/dashboard/director/director.component.ts:11:42:
[37m      11 ‚îÇ export class DirectorComponent implements [32mOnInit[37m {
         ‚ïµ                                           [32m~~~~~~[0m


[31m‚úò [41;31m[[41;97mERROR[41;31m][0m [1mTS2304: Cannot find name 'AdminService'.[0m [1m[35m[plugin angular-compiler][0m

    src/app/features/dashboard/director/director.component.ts:23:36:
[37m      23 ‚îÇ   constructor(private adminService: [32mAdminService[37m) { }
         ‚ïµ                                     [32m~~~~~~~~~~~~[0m


‚ùØ Changes detected. Rebuilding...
‚úî Changes detected. Rebuilding...
Application bundle generation failed. [0.170 seconds]

[31m‚úò [41;31m[[41;97mERROR[41;31m][0m [1mTS2304: Cannot find name 'Component'.[0m [1m[35m[plugin angular-compiler][0m

    src/app/features/dashboard/director/director.component.ts:4:1:
[37m      4 ‚îÇ @[32mComponent[37m({
        ‚ïµ  [32m~~~~~~~~~[0m


[31m‚úò [41;31m[[41;97mERROR[41;31m][0m [1mTS2304: Cannot find name 'CommonModule'.[0m [1m[35m[plugin angular-compiler][0m

    src/app/features/dashboard/director/director.component.ts:7:12:
[37m      7 ‚îÇ   imports: [[32mCommonModule[37m, FormsModule, UserManagementComponent, Adm...
        ‚ïµ             [32m~~~~~~~~~~~~[0m


[31m‚úò [41;31m[[41;97mERROR[41;31m][0m [1mTS2304: Cannot find name 'FormsModule'.[0m [1m[35m[plugin angular-compiler][0m

    src/app/features/dashboard/director/director.component.ts:7:26:
[37m      7 ‚îÇ   imports: [CommonModule, [32mFormsModule[37m, UserManagementComponent, Adm...
        ‚ïµ                           [32m~~~~~~~~~~~[0m


[31m‚úò [41;31m[[41;97mERROR[41;31m][0m [1mTS2304: Cannot find name 'OnInit'.[0m [1m[35m[plugin angular-compiler][0m

    src/app/features/dashboard/director/director.component.ts:11:42:
[37m      11 ‚îÇ export class DirectorComponent implements [32mOnInit[37m {
         ‚ïµ                                           [32m~~~~~~[0m


[31m‚úò [41;31m[[41;97mERROR[41;31m][0m [1mTS2304: Cannot find name 'AdminService'.[0m [1m[35m[plugin angular-compiler][0m

    src/app/features/dashboard/director/director.component.ts:23:36:
[37m      23 ‚îÇ   constructor(private adminService: [32mAdminService[37m) { }
         ‚ïµ                                     [32m~~~~~~~~~~~~[0m


‚ùØ Changes detected. Rebuilding...
‚úî Changes detected. Rebuilding...
Initial chunk files | Names                     |  Raw size
polyfills.js        | polyfills                 |  90.20 kB | 
styles.css          | styles                    |  36.03 kB | 
main.js             | main                      |  13.74 kB | 
chunk-FPBQ2DO2.js   | -                         |   2.64 kB | 
chunk-YQOESBWP.js   | -                         | 754 bytes | 

                    | Initial total             | 143.36 kB

Lazy chunk files    | Names                     |  Raw size
chunk-5TDKGZZU.js   | director-component        |  53.74 kB | 
chunk-RRJCYAEZ.js   | ceo-component             |  41.73 kB | 
chunk-XRT6SF2O.js   | home-component            |  41.38 kB | 
chunk-ACZGVTSU.js   | register-component        |  23.37 kB | 
chunk-TB5CRG7K.js   | employee-component        |  19.48 kB | 
chunk-GTWK7YBI.js   | login-component           |  16.29 kB | 
chunk-JTBWET2A.js   | profile-component         |  16.20 kB | 
chunk-ESGCZ4HX.js   | landing-page-component    |  10.18 kB | 
chunk-DVRG4VBL.js   | verify-email-component    |   9.36 kB | 
chunk-2OXDLMYW.js   | forgot-password-component |   8.15 kB | 
chunk-TTE27GWQ.js   | -                         |   3.02 kB | 
chunk-TVJK6YYL.js   | -                         |   1.53 kB | 
chunk-KXTLIPV7.js   | -                         |   1.42 kB | 

Application bundle generation complete. [0.430 seconds]

Page reload sent to client(s).
‚ùØ Changes detected. Rebuilding...
‚úî Changes detected. Rebuilding...

No output file changes.

Application bundle generation complete. [0.430 seconds]

‚ùØ Changes detected. Rebuilding...
‚úî Changes detected. Rebuilding...

No output file changes.

Application bundle generation complete. [0.202 seconds]

‚ùØ Changes detected. Rebuilding...
‚úî Changes detected. Rebuilding...

No output file changes.

Application bundle generation complete. [0.466 seconds]

‚ùØ Changes detected. Rebuilding...
‚úî Changes detected. Rebuilding...

No output file changes.

Application bundle generation complete. [0.199 seconds]

‚ùØ Changes detected. Rebuilding...
‚úî Changes detected. Rebuilding...
Application bundle generation failed. [1.597 seconds]

[31m‚úò [41;31m[[41;97mERROR[41;31m][0m [1mNG5: Argument of type 'MouseEvent' is not assignable to parameter of type 'PointerEvent'.
  Type 'MouseEvent' is missing the following properties from type 'PointerEvent': height, isPrimary, pointerId, pointerType, and 8 more.[0m [1m[35m[plugin angular-compiler][0m

    src/app/shared/components/restaurant-menu-modal/restaurant-menu-modal.component.html:1:53:
[37m      1 ‚îÇ <div class="modal-backdrop" (click)="onBackdropClick([32m$event[37m)">
        ‚ïµ                                                      [32m~~~~~~[0m

  Error occurs in the template of component RestaurantMenuModalComponent.

    src/app/shared/components/restaurant-menu-modal/restaurant-menu-modal.component.ts:12:17:
[37m      12 ‚îÇ     templateUrl: [32m'./restaurant-menu-modal.component.html'[37m,
         ‚ïµ                  [32m~~~~~~~~~~~~~~~~~~~~~~~~~~~~~~~~~~~~~~~~[0m


‚ùØ Changes detected. Rebuilding...
‚úî Changes detected. Rebuilding...
Initial chunk files | Names                     |  Raw size
polyfills.js        | polyfills                 |  90.20 kB | 
styles.css          | styles                    |  36.03 kB | 
main.js             | main                      |  13.74 kB | 
chunk-FPBQ2DO2.js   | -                         |   2.64 kB | 
chunk-YQOESBWP.js   | -                         | 754 bytes | 

                    | Initial total             | 143.36 kB

Lazy chunk files    | Names                     |  Raw size
chunk-5TDKGZZU.js   | director-component        |  53.74 kB | 
chunk-RRJCYAEZ.js   | ceo-component             |  41.73 kB | 
chunk-XRT6SF2O.js   | home-component            |  41.38 kB | 
chunk-ACZGVTSU.js   | register-component        |  23.37 kB | 
chunk-TB5CRG7K.js   | employee-component        |  19.48 kB | 
chunk-GTWK7YBI.js   | login-component           |  16.29 kB | 
chunk-JTBWET2A.js   | profile-component         |  16.20 kB | 
chunk-ESGCZ4HX.js   | landing-page-component    |  10.18 kB | 
chunk-DVRG4VBL.js   | verify-email-component    |   9.36 kB | 
chunk-2OXDLMYW.js   | forgot-password-component |   8.15 kB | 
chunk-TTE27GWQ.js   | -                         |   3.02 kB | 
chunk-TVJK6YYL.js   | -                         |   1.53 kB | 
chunk-KXTLIPV7.js   | -                         |   1.42 kB | 

Application bundle generation complete. [1.650 seconds]

‚ùØ Changes detected. Rebuilding...
‚úî Changes detected. Rebuilding...

No output file changes.

Application bundle generation complete. [0.459 seconds]

‚ùØ Changes detected. Rebuilding...
‚úî Changes detected. Rebuilding...
Application bundle generation failed. [0.710 seconds]

[31m‚úò [41;31m[[41;97mERROR[41;31m][0m [1mTS2420: Class 'UserManagementComponent' incorrectly implements interface 'OnDestroy'.
  Property 'ngOnDestroy' is missing in type 'UserManagementComponent' but required in type 'OnDestroy'.[0m [1m[35m[plugin angular-compiler][0m

    src/app/features/admin/user-management/user-management.component.ts:14:13:
[37m      14 ‚îÇ export class [32mUserManagementComponent[37m implements OnInit, OnDestroy {
         ‚ïµ              [32m~~~~~~~~~~~~~~~~~~~~~~~[0m

  'ngOnDestroy' is declared here.

    node_modules/@angular/core/index.d.ts:7912:4:
[37m      7912 ‚îÇ     [32mngOnDestroy(): void;[37m
           ‚ïµ     [32m~~~~~~~~~~~~~~~~~~~~[0m


‚ùØ Changes detected. Rebuilding...
‚úî Changes detected. Rebuilding...
Initial chunk files | Names                     |  Raw size
polyfills.js        | polyfills                 |  90.20 kB | 
styles.css          | styles                    |  36.03 kB | 
main.js             | main                      |  13.74 kB | 
chunk-FPBQ2DO2.js   | -                         |   2.64 kB | 
chunk-YQOESBWP.js   | -                         | 754 bytes | 

                    | Initial total             | 143.36 kB

Lazy chunk files    | Names                     |  Raw size
chunk-WEGGEYSJ.js   | director-component        |  54.18 kB | 
chunk-RRJCYAEZ.js   | ceo-component             |  41.73 kB | 
chunk-XRT6SF2O.js   | home-component            |  41.38 kB | 
chunk-ACZGVTSU.js   | register-component        |  23.37 kB | 
chunk-TB5CRG7K.js   | employee-component        |  19.48 kB | 
chunk-GTWK7YBI.js   | login-component           |  16.29 kB | 
chunk-JTBWET2A.js   | profile-component         |  16.20 kB | 
chunk-ESGCZ4HX.js   | landing-page-component    |  10.18 kB | 
chunk-DVRG4VBL.js   | verify-email-component    |   9.36 kB | 
chunk-2OXDLMYW.js   | forgot-password-component |   8.15 kB | 
chunk-TTE27GWQ.js   | -                         |   3.02 kB | 
chunk-TVJK6YYL.js   | -                         |   1.53 kB | 
chunk-KXTLIPV7.js   | -                         |   1.42 kB | 

Application bundle generation complete. [0.630 seconds]

Page reload sent to client(s).
‚ùØ Changes detected. Rebuilding...
‚úî Changes detected. Rebuilding...
Initial chunk files | Names              | Raw size
main.js             | main               | 13.74 kB | 

Lazy chunk files    | Names              | Raw size
chunk-HELR4CY3.js   | director-component | 54.23 kB | 

Application bundle generation complete. [0.488 seconds]

Page reload sent to client(s).
‚ùØ Changes detected. Rebuilding...
‚úî Changes detected. Rebuilding...

No output file changes.

Application bundle generation complete. [0.402 seconds]

‚ùØ Changes detected. Rebuilding...
‚úî Changes detected. Rebuilding...
Initial chunk files | Names              | Raw size
main.js             | main               | 13.74 kB | 

Lazy chunk files    | Names              | Raw size
chunk-NEPLFF2P.js   | director-component | 54.28 kB | 

Application bundle generation complete. [0.530 seconds]

Page reload sent to client(s).
‚ùØ Changes detected. Rebuilding...
‚úî Changes detected. Rebuilding...

No output file changes.

Application bundle generation complete. [0.188 seconds]

‚ùØ Changes detected. Rebuilding...
‚úî Changes detected. Rebuilding...
Initial chunk files | Names              | Raw size
main.js             | main               | 13.74 kB | 

Lazy chunk files    | Names              | Raw size
chunk-WEGGEYSJ.js   | director-component | 54.18 kB | 

Application bundle generation complete. [0.435 seconds]

Page reload sent to client(s).
‚ùØ Changes detected. Rebuilding...
‚úî Changes detected. Rebuilding...

No output file changes.

Application bundle generation complete. [0.207 seconds]

‚ùØ Changes detected. Rebuilding...
‚úî Changes detected. Rebuilding...
Initial chunk files | Names              | Raw size
main.js             | main               | 13.74 kB | 

Lazy chunk files    | Names              | Raw size
chunk-SY455XA4.js   | director-component | 54.19 kB | 

Application bundle generation complete. [0.846 seconds]

Page reload sent to client(s).
‚ùØ Changes detected. Rebuilding...
‚úî Changes detected. Rebuilding...
Initial chunk files | Names              | Raw size
main.js             | main               | 13.74 kB | 

Lazy chunk files    | Names              | Raw size
chunk-DULRJLQT.js   | director-component | 54.19 kB | 

Application bundle generation complete. [1.850 seconds]

Page reload sent to client(s).
‚ùØ Changes detected. Rebuilding...
‚úî Changes detected. Rebuilding...
Initial chunk files | Names              | Raw size
main.js             | main               | 13.74 kB | 

Lazy chunk files    | Names              | Raw size
chunk-VHQWUBYL.js   | director-component | 54.20 kB | 

Application bundle generation complete. [1.644 seconds]

Page reload sent to client(s).
‚ùØ Changes detected. Rebuilding...
‚úî Changes detected. Rebuilding...

No output file changes.

Application bundle generation complete. [0.824 seconds]

‚ùØ Changes detected. Rebuilding...
‚úî Changes detected. Rebuilding...
Initial chunk files | Names              | Raw size
main.js             | main               | 13.74 kB | 

Lazy chunk files    | Names              | Raw size
chunk-KL3JD2MO.js   | director-component | 54.68 kB | 

Application bundle generation complete. [0.983 seconds]

Page reload sent to client(s).
‚ùØ Changes detected. Rebuilding...
‚úî Changes detected. Rebuilding...

No output file changes.

Application bundle generation complete. [0.368 seconds]

‚ùØ Changes detected. Rebuilding...
‚úî Changes detected. Rebuilding...

No output file changes.

Application bundle generation complete. [0.926 seconds]

‚ùØ Changes detected. Rebuilding...
‚úî Changes detected. Rebuilding...
Initial chunk files | Names              | Raw size
main.js             | main               | 13.74 kB | 

Lazy chunk files    | Names              | Raw size
chunk-VWS5PMDM.js   | home-component     | 41.38 kB | 
chunk-WY7M5WVM.js   | employee-component | 19.48 kB | 
chunk-LZ6AWM6X.js   | profile-component  | 16.20 kB | 
chunk-33UYKJEM.js   | -                  |  1.68 kB | 

Application bundle generation complete. [0.438 seconds]

Page reload sent to client(s).
‚ùØ Changes detected. Rebuilding...
‚úî Changes detected. Rebuilding...
Initial chunk files | Names          | Raw size
main.js             | main           | 13.74 kB | 

Lazy chunk files    | Names          | Raw size
chunk-KGQOCNOW.js   | home-component | 42.14 kB | 

Application bundle generation complete. [0.733 seconds]

Page reload sent to client(s).
‚ùØ Changes detected. Rebuilding...
‚úî Changes detected. Rebuilding...
Initial chunk files | Names          | Raw size
styles.css          | styles         | 36.13 kB | 
main.js             | main           | 13.74 kB | 

Lazy chunk files    | Names          | Raw size
chunk-FMCF3GWX.js   | home-component | 44.06 kB | 

Application bundle generation complete. [0.871 seconds]

Page reload sent to client(s).
‚ùØ Changes detected. Rebuilding...
‚úî Changes detected. Rebuilding...

No output file changes.

Application bundle generation complete. [1.079 seconds]

‚ùØ Changes detected. Rebuilding...
‚úî Changes detected. Rebuilding...
Initial chunk files | Names | Raw size
main.js             | main  | 14.10 kB | 

Application bundle generation complete. [0.748 seconds]

Page reload sent to client(s).
‚ùØ Changes detected. Rebuilding...
‚úî Changes detected. Rebuilding...

No output file changes.

Application bundle generation complete. [0.599 seconds]

‚ùØ Changes detected. Rebuilding...
‚úî Changes detected. Rebuilding...
Initial chunk files | Names | Raw size
main.js             | main  | 14.27 kB | 

Application bundle generation complete. [0.318 seconds]

Page reload sent to client(s).
‚ùØ Changes detected. Rebuilding...
‚úî Changes detected. Rebuilding...

No output file changes.

Application bundle generation complete. [0.369 seconds]

‚ùØ Changes detected. Rebuilding...
‚úî Changes detected. Rebuilding...
Application bundle generation failed. [0.638 seconds]

[31m‚úò [41;31m[[41;97mERROR[41;31m][0m [1mTS2552: Cannot find name 'Subscription'. Did you mean 'PushSubscription'?[0m [1m[35m[plugin angular-compiler][0m

    src/app/features/admin/user-management/user-management.component.ts:27:29:
[37m      27 ‚îÇ   private usersSubscription: [32mSubscription[37m | null = null;
         ‚ïµ                              [32m~~~~~~~~~~~~[0m

  'PushSubscription' is declared here.

    node_modules/typescript/lib/lib.dom.d.ts:18046:12:
[37m      18046 ‚îÇ declare var [32mPushSubscription[37m: {
            ‚ïµ             [32m~~~~~~~~~~~~~~~~[0m


[31m‚úò [41;31m[[41;97mERROR[41;31m][0m [1mTS2552: Cannot find name 'Subscription'. Did you mean 'PushSubscription'?[0m [1m[35m[plugin angular-compiler][0m

    src/app/features/admin/user-management/user-management.component.ts:41:29:
[37m      41 ‚îÇ   private statsSubscription: [32mSubscription[37m | null = null;
         ‚ïµ                              [32m~~~~~~~~~~~~[0m

  'PushSubscription' is declared here.

    node_modules/typescript/lib/lib.dom.d.ts:18046:12:
[37m      18046 ‚îÇ declare var [32mPushSubscription[37m: {
            ‚ïµ             [32m~~~~~~~~~~~~~~~~[0m


[31m‚úò [41;31m[[41;97mERROR[41;31m][0m [1mTS-992003: No suitable injection token for parameter 'adminService' of class 'UserManagementComponent'.
  Consider using the @Inject decorator to specify an injection token.[0m [1m[35m[plugin angular-compiler][0m

    src/app/features/admin/user-management/user-management.component.ts:46:12:
[37m      46 ‚îÇ     private [32madminService[37m: AdminService,
         ‚ïµ             [32m~~~~~~~~~~~~[0m

  This type does not have a value, so it cannot be used as injection token.

    src/app/features/admin/user-management/user-management.component.ts:46:26:
[37m      46 ‚îÇ     private adminService: [32mAdminService[37m,
         ‚ïµ                           [32m~~~~~~~~~~~~[0m


[31m‚úò [41;31m[[41;97mERROR[41;31m][0m [1mTS2304: Cannot find name 'AdminService'.[0m [1m[35m[plugin angular-compiler][0m

    src/app/features/admin/user-management/user-management.component.ts:46:26:
[37m      46 ‚îÇ     private adminService: [32mAdminService[37m,
         ‚ïµ                           [32m~~~~~~~~~~~~[0m


[31m‚úò [41;31m[[41;97mERROR[41;31m][0m [1mTS2339: Property 'loadLocales' does not exist on type 'UserManagementComponent'.[0m [1m[35m[plugin angular-compiler][0m

    src/app/features/admin/user-management/user-management.component.ts:53:9:
[37m      53 ‚îÇ     this.[32mloadLocales[37m();
         ‚ïµ          [32m~~~~~~~~~~~[0m


[31m‚úò [41;31m[[41;97mERROR[41;31m][0m [1mTS7006: Parameter 'data' implicitly has an 'any' type.[0m [1m[35m[plugin angular-compiler][0m

    src/app/features/admin/user-management/user-management.component.ts:79:13:
[37m      79 ‚îÇ       next: ([32mdata[37m) => {
         ‚ïµ              [32m~~~~[0m


[31m‚úò [41;31m[[41;97mERROR[41;31m][0m [1mTS7006: Parameter 'data' implicitly has an 'any' type.[0m [1m[35m[plugin angular-compiler][0m

    src/app/features/admin/user-management/user-management.component.ts:99:13:
[37m      99 ‚îÇ       next: ([32mdata[37m) => {
         ‚ïµ              [32m~~~~[0m


[31m‚úò [41;31m[[41;97mERROR[41;31m][0m [1mTS7006: Parameter 'err' implicitly has an 'any' type.[0m [1m[35m[plugin angular-compiler][0m

    src/app/features/admin/user-management/user-management.component.ts:105:14:
[37m      105 ‚îÇ       error: ([32merr[37m) => {
          ‚ïµ               [32m~~~[0m


‚ùØ Changes detected. Rebuilding...
‚úî Changes detected. Rebuilding...
Application bundle generation failed. [0.797 seconds]

[31m‚úò [41;31m[[41;97mERROR[41;31m][0m [1mTS2339: Property 'loadLocales' does not exist on type 'UserManagementComponent'.[0m [1m[35m[plugin angular-compiler][0m

    src/app/features/admin/user-management/user-management.component.ts:55:9:
[37m      55 ‚îÇ     this.[32mloadLocales[37m();
         ‚ïµ          [32m~~~~~~~~~~~[0m


‚ùØ Changes detected. Rebuilding...
‚úî Changes detected. Rebuilding...
Initial chunk files | Names                     |  Raw size
polyfills.js        | polyfills                 |  90.20 kB | 
styles.css          | styles                    |  36.13 kB | 
main.js             | main                      |  14.27 kB | 
chunk-FPBQ2DO2.js   | -                         |   2.64 kB | 
chunk-YQOESBWP.js   | -                         | 754 bytes | 

                    | Initial total             | 144.00 kB

Lazy chunk files    | Names                     |  Raw size
chunk-VQOL5YEH.js   | director-component        |  55.22 kB | 
chunk-FMCF3GWX.js   | home-component            |  44.06 kB | 
chunk-RRJCYAEZ.js   | ceo-component             |  41.73 kB | 
chunk-ACZGVTSU.js   | register-component        |  23.37 kB | 
chunk-WY7M5WVM.js   | employee-component        |  19.48 kB | 
chunk-GTWK7YBI.js   | login-component           |  16.29 kB | 
chunk-LZ6AWM6X.js   | profile-component         |  16.20 kB | 
chunk-ESGCZ4HX.js   | landing-page-component    |  10.18 kB | 
chunk-DVRG4VBL.js   | verify-email-component    |   9.36 kB | 
chunk-2OXDLMYW.js   | forgot-password-component |   8.15 kB | 
chunk-TTE27GWQ.js   | -                         |   3.02 kB | 
chunk-33UYKJEM.js   | -                         |   1.68 kB | 
chunk-KXTLIPV7.js   | -                         |   1.42 kB | 

Application bundle generation complete. [0.545 seconds]

Page reload sent to client(s).
‚ùØ Changes detected. Rebuilding...
‚úî Changes detected. Rebuilding...
Initial chunk files | Names              | Raw size
main.js             | main               | 14.27 kB | 

Lazy chunk files    | Names              | Raw size
chunk-7NOFH645.js   | director-component | 59.59 kB | 

Application bundle generation complete. [0.851 seconds]

Page reload sent to client(s).
‚ùØ Changes detected. Rebuilding...
‚úî Changes detected. Rebuilding...

No output file changes.

Application bundle generation complete. [0.789 seconds]

